 0.524640008807182312E-01 0.9999524951 -0.1263173856E-01 776.5150146
 0.529889985918998718E-01 0.9993748069 -2.188285589 777.8726807
 0.535130016505718231E-01 0.9976573586 -4.369820118 781.9317627
 0.540379993617534637E-01 0.9947849512 -6.577086449 788.6953735
 0.545630007982254028E-01 0.9907454252 -8.817925453 798.1374512
 0.550870001316070557E-01 0.9855293632 -11.09988213 810.2023926
 0.556120015680789948E-01 0.9790893197 -13.44309998 824.8959351
 0.561360009014606476E-01 0.9714181423 -15.84912205 842.1126099
 0.566609986126422882E-01 0.9624478817 -18.33621788 861.8552246
 0.571860000491142273E-01 0.9521501660 -20.90738869 884.0200806
 0.577099993824958801E-01 0.9405030608 -23.56325150 908.4697266
 0.582350008189678192E-01 0.9274134040 -26.31799698 935.1947632
 0.587599985301494598E-01 0.9128523469 -29.16895485 964.0316162
 0.592840015888214111E-01 0.8968011141 -32.11090851 994.7850342
 0.598089993000030518E-01 0.8791484237 -35.15312576 1027.417969
 0.603340007364749908E-01 0.8598745465 -38.28553772 1061.701416
 0.608580000698566437E-01 0.8389756083 -41.49378967 1097.374268
 0.613830015063285828E-01 0.8163319230 -44.77790070 1134.360596
 0.619079992175102234E-01 0.7919495702 -48.11485672 1172.361206
 0.624319985508918762E-01 0.7658576369 -51.47611618 1211.049683
 0.629570037126541138E-01 0.7379469872 -54.84732056 1250.303101
 0.634820014238357544E-01 0.7082726955 -58.18959045 1289.757812
 0.640060007572174072E-01 0.6769210100 -61.45961380 1329.032349
 0.645309984683990479E-01 0.6438175440 -64.62874603 1367.955566
 0.650549978017807007E-01 0.6091551781 -67.64075470 1406.045166
 0.655800029635429382E-01 0.5728934407 -70.46093750 1443.103271
 0.661050006747245789E-01 0.5352136493 -73.03659821 1478.703003
 0.666290000081062317E-01 0.4963313937 -75.31822205 1512.425903
 0.671539977192878723E-01 0.4562611878 -77.27229309 1544.045654
 0.676779970526695251E-01 0.4153391719 -78.85420990 1573.090088
 0.682030022144317627E-01 0.3736111820 -80.03961182 1599.325928
 0.687279999256134033E-01 0.3313714564 -80.80271149 1622.359863
 0.692519992589950562E-01 0.2889260054 -81.12997437 1641.841675
 0.697769969701766968E-01 0.2463429421 -81.01869965 1657.546387
 0.703020021319389343E-01 0.2039323002 -80.47293854 1669.156616
 0.708260014653205872E-01 0.1619991660 -79.50851440 1676.411987
 0.713509991765022278E-01 0.1205989942 -78.14292145 1679.119629
 0.718759968876838684E-01 0.8001457900E-01 -76.40547180 1677.070557
 0.724000036716461182E-01 0.4050640762E-01 -74.33396912 1670.124878
 0.729250013828277588E-01 0.2092388459E-02 -71.95912170 1658.132446
 0.734490007162094116E-01 -0.3493615240E-01 -69.33238983 1641.049683
 0.739739984273910522E-01 -0.7059737295E-01 -66.48949432 1618.757690
 0.744990035891532898E-01 -0.1047216728 -63.48293304 1591.261841
 0.750230029225349426E-01 -0.1371742487 -60.36700439 1558.641724
 0.755480006337165833E-01 -0.1680313945 -57.17667007 1520.815796
 0.760729983448982239E-01 -0.1972051710 -53.96160889 1477.911865
 0.765969976782798767E-01 -0.2246425897 -50.76682281 1430.123657
 0.771220028400421143E-01 -0.2504649758 -47.61293793 1377.388550
 0.776470005512237549E-01 -0.2746492028 -44.53232956 1319.936768
 0.781709998846054077E-01 -0.2971983552 -41.55007172 1258.047119
 0.786970034241676331E-01 -0.3182896674 -38.66307831 1191.525024
 0.792199969291687012E-01 -0.3377845585 -35.90761185 1121.198730
 0.797460004687309265E-01 -0.3559697568 -33.25780106 1046.449585
 0.802690014243125916E-01 -0.3727017939 -30.74771118 968.3252563
 0.807949975132942200E-01 -0.3882389367 -28.35111618 886.1269531
 0.813179984688758850E-01 -0.4024714530 -26.09685898 800.9855347
 0.818440020084381104E-01 -0.4156306982 -23.95944405 712.1182861
 0.823670029640197754E-01 -0.4276336730 -21.96205711 620.7277222
 0.828929990530014038E-01 -0.4386848509 -20.07850075 525.9504395
 0.834160000085830688E-01 -0.4487222731 -18.32471657 429.0422974
 0.839420035481452942E-01 -0.4579220116 -16.67297935 329.0628357
 0.844679996371269226E-01 -0.4662804008 -15.12460613 226.7281189
 0.849910005927085876E-01 -0.4738084674 -13.67790508 122.7967529
 0.855169966816902161E-01 -0.4806388617 -12.30696201 16.23157120
 0.860399976372718811E-01 -0.4867356122 -11.01914215 -91.60686493
 0.865660011768341064E-01 -0.4922062457 -9.792795181 -201.8095551
 0.870890021324157715E-01 -0.4970228374 -8.636463165 -312.9751282
 0.876149982213973999E-01 -0.5012728572 -7.532324314 -426.2344666
 0.881379991769790649E-01 -0.5049371123 -6.488862038 -540.1511230
 0.886640027165412903E-01 -0.5080855489 -5.489871025 -655.8796387
 0.891899988055229187E-01 -0.5107203722 -4.536850929 -772.6075439
 0.897129997611045837E-01 -0.5128543973 -3.629855394 -889.4953613
 0.902390033006668091E-01 -0.5145318508 -2.753472328 -1007.703552
 0.907619968056678772E-01 -0.5157507658 -1.913279533 -1125.687256
 0.912880003452301025E-01 -0.5165410638 -1.096220493 -1244.593750
 0.918110013008117676E-01 -0.5169076324 -0.3097410500 -1362.837524
 0.923369973897933960E-01 -0.5168682337 0.4554663599 -1481.525757
 0.928599983453750610E-01 -0.5164368749 1.189517975 -1599.041260
 0.933860018849372864E-01 -0.5156233311 1.898524642 -1716.440063
 0.939090028405189514E-01 -0.5144529939 2.571373701 -1832.072754
 0.944349989295005798E-01 -0.5129302740 3.212280035 -1946.931030
 0.949610024690628052E-01 -0.5110806823 3.813385487 -2059.993896
 0.954840034246444702E-01 -0.5089393854 4.367191792 -2170.254150
 0.960099995136260986E-01 -0.5065065622 4.874763489 -2278.583252
 0.965330004692077637E-01 -0.5038369298 5.323916912 -2383.338623
 0.970589965581893921E-01 -0.5009314418 5.711999893 -2485.295166
 0.975819975137710571E-01 -0.4978587627 6.025612354 -2582.858154
 0.981080010533332825E-01 -0.4946242869 6.258460045 -2676.707031
 0.986310020089149475E-01 -0.4913102686 6.397933006 -2765.329346
 0.991569980978965759E-01 -0.4879303575 6.436311245 -2849.300781
 0.996830016374588013E-01 -0.4845586717 6.364761829 -2927.666016
 0.100210003554821014 -0.4812485874 6.177427292 -3000.134277
 0.100730001926422119 -0.4781094790 5.876693249 -3065.313965
 0.101250000298023224 -0.4751566947 5.461567402 -3123.843506
 0.101779997348785400 -0.4723994434 4.924837112 -3176.305176
 0.102300003170967102 -0.4699981213 4.294008732 -3220.412598
 0.102830000221729279 -0.4679140747 3.555562973 -3257.584473
 0.103349998593330383 -0.4662712514 2.750869513 -3286.192627
 0.103880003094673157 -0.4650454521 1.865787745 -3307.151855
 0.104400001466274261 -0.4643111527 0.9526989460 -3319.540527
 0.104929998517036438 -0.4640585482 -0.1940070535E-02 -3323.752930
 0.105449996888637543 -0.4643038511 -0.9397204518 -3319.604980
 0.105980001389980316 -0.4650508463 -1.873341680 -3306.962402
 0.106499999761581421 -0.4662540555 -2.745447874 -3286.382812
 0.107029996812343597 -0.4679307044 -3.568763018 -3257.209961
 0.107550002634525299 -0.4699791074 -4.294692993 -3220.723633
 0.108079999685287476 -0.4724300504 -4.936716080 -3175.753906
 0.108599998056888580 -0.4751379192 -5.460410118 -3124.267334
 0.109119996428489685 -0.4780894518 -5.872604847 -3065.791016
 0.109650000929832458 -0.4812874496 -6.175209522 -2999.344482
 0.110169999301433563 -0.4845507741 -6.357220173 -2927.809814
 0.110699996352195740 -0.4879438877 -6.428808212 -2848.838623
 0.111220002174377441 -0.4912819862 -6.392500401 -2765.823975
 0.111749999225139618 -0.4946376681 -6.253973484 -2676.011963
 0.112269997596740723 -0.4978343248 -6.026576042 -2583.226318
 0.112800002098083496 -0.5009480715 -5.710669994 -2484.344971
 0.113320000469684601 -0.5038210750 -5.327375412 -2383.537598
 0.113849997520446777 -0.5065264106 -4.871173382 -2277.365967
 0.114370003342628479 -0.5089308619 -4.367599010 -2170.254639
 0.114900000393390656 -0.5110985041 -3.804774046 -2058.503662
 0.115419998764991760 -0.5129240155 -3.209945202 -1946.716187
 0.115950003266334534 -0.5144560337 -2.565069437 -1830.973022
 0.116470001637935638 -0.5156179070 -1.898074150 -1715.995483
 0.116990000009536743 -0.5164244771 -1.199781060 -1599.938599
 0.117519997060298920 -0.5168653131 -0.4579570591 -1480.852539
 0.118040002882480621 -0.5169080496 0.2978657782 -1363.515869
 0.118569999933242798 -0.5165398717 1.095718741 -1243.690918
 0.119089998304843903 -0.5157607794 1.905314088 -1126.142090
 0.119620002806186676 -0.5145261884 2.758764982 -1006.578125
 0.120140001177787781 -0.5128675699 3.626174212 -889.7215576
 0.120669998228549957 -0.5107038021 4.544824123 -771.2733765
 0.121189996600151062 -0.5080977678 5.485128403 -655.8812866
 0.121720001101493835 -0.5049266815 6.489271164 -539.2767334
 0.122239999473094940 -0.5012852550 7.525316238 -426.0197144
 0.122769996523857117 -0.4970044196 8.638784409 -311.9069214
 0.123290002346038818 -0.4922149479 9.792373657 -201.3877106
 0.123819999396800995 -0.4866989553 11.03450680 -90.36137390
 0.124339997768402100 -0.4806292355 12.32209301 16.84258080
 0.124860003590583801 -0.4738713205 13.68225861 122.1941986
 0.125389993190765381 -0.4662349224 15.14918327 227.5118103
 0.125909999012947083 -0.4579643011 16.67551613 328.6769104
 0.126440003514289856 -0.4486923814 18.33012772 429.4167786
 0.126959994435310364 -0.4387156367 20.06183434 525.7648315
 0.127489998936653137 -0.4275883436 21.94893646 621.2592773
 0.128010004758834839 -0.4156654775 23.92975807 712.1182861
 0.128539994359016418 -0.4024176002 26.08686256 801.6469727
 0.129060000181198120 -0.3882720768 28.34092331 886.2854004
 0.129590004682540894 -0.3726120293 30.77581406 969.0899658
 0.130109995603561401 -0.3559597135 33.29304123 1046.739868
 0.130630001425743103 -0.3379668295 35.92851257 1120.644287
 0.131160005927085876 -0.3181879520 38.72613907 1191.916992
 0.131679996848106384 -0.2973152399 41.57067490 1257.678589
 0.132210001349449158 -0.2744936347 44.56248474 1320.276733
 0.132730007171630859 -0.2505398095 47.57948685 1377.178467
 0.133259996771812439 -0.2244921327 50.72599030 1430.409424
 0.133780002593994141 -0.1972995251 53.86713409 1477.824463
 0.134310007095336914 -0.1678939760 57.09906769 1521.123291
 0.134829998016357422 -0.1373784393 60.26630020 1558.574707
 0.135360002517700195 -0.1045910120 63.44617462 1591.548828
 0.135879993438720703 -0.7080892473E-01 66.46642303 1618.757690
 0.136409997940063477 -0.3479961306E-01 69.38435364 1641.237549
 0.136930003762245178 0.1979308203E-02 72.03096008 1658.160400
 0.137459993362426758 0.4080979526E-01 74.45117950 1670.232544
 0.137979999184608459 0.8007369190E-01 76.50584412 1677.087402
 0.138500005006790161 0.1203153878 78.20603943 1679.121094
 0.139029994606971741 0.1621369570 79.54653931 1676.392212
 0.139550000429153442 0.2037563771 80.45985413 1669.191895
 0.140080004930496216 0.2465550154 80.97199249 1657.467285
 0.140599995851516724 0.2887006402 81.06047058 1641.909424
 0.141130000352859497 0.3315940201 80.72938538 1622.197876
 0.141650006175041199 0.3734000921 79.99478149 1599.373169
 0.142179995775222778 0.4155073464 78.83546448 1572.880249
 0.142700001597404480 0.4561214149 77.30686951 1544.046875
 0.143230006098747253 0.4965973496 75.36933136 1512.114868
 0.143749997019767761 0.5352186561 73.12334442 1478.638062
 0.144270002841949463 0.5725923181 70.57189178 1443.380859
 0.144800007343292236 0.6092464924 67.70349884 1405.973389
 0.145319998264312744 0.6436732411 64.67852020 1368.176392
 0.145850002765655518 0.6770996451 61.43680191 1328.882935
 0.146369993686676025 0.7081961632 58.15469742 1289.908447
 0.146899998188018799 0.7381191254 54.75604630 1250.077759
 0.147420004010200500 0.7657222152 51.41030121 1211.198853
 0.147949993610382080 0.7920698524 48.02157211 1172.069214
 0.148469999432563782 0.8161859512 44.74036026 1134.432861
 0.149000003933906555 0.8390251994 41.45606613 1097.097412
 0.149519994854927063 0.8597589731 38.30223465 1061.702759
 0.150049999356269836 0.8792241216 35.16387177 1027.099731
 0.150570005178451538 0.8967261314 32.16422653 994.7851562
 0.151099994778633118 0.9129814506 29.19232750 963.6915894
 0.151620000600814819 0.9274224043 26.36393738 935.1418457
 0.152140006422996521 0.9404156804 23.62504578 908.6648560
 0.152669996023178101 0.9522174001 20.92661667 883.9315186
 0.153190001845359802 0.9624305964 18.36871147 861.9752808
 0.153709992766380310 0.9713355899 15.89520645 842.3948975
 0.154239997267723083 0.9791095257 13.45333195 824.9572754
 0.154760003089904785 0.9854976535 11.12563229 810.3815308
 0.155289992690086365 0.9907784462 8.811414719 798.1586304
 0.155809998512268066 0.9947801232 6.586318493 788.7888184
 0.156340003013610840 0.9976779222 4.353120327 781.9424438
 0.156859993934631348 0.9993771315 2.184989214 777.8989258
 0.157389998435974121 0.9999524951 -0.1264091488E-01 776.5150146
