 0.000000000000000000E+00 0.2870524477E-03 -0.2950364069E-04 373.1575928
 0.519990921020507812E-03 0.3401739232E-03 0.2025367171 373.6465454
 0.104999542236328125E-02 0.4978365614E-03 0.3870034814 375.1493225
 0.157000124454498291E-02 0.7380411844E-03 0.5294998884 377.6023560
 0.208999216556549072E-02 0.1040360308E-02 0.6252962947 381.0134583
 0.261999666690826416E-02 0.1387141412E-02 0.6759979129 385.4605408
 0.314000248908996582E-02 0.1743436325E-02 0.6896348000 390.7550964
 0.366999208927154541E-02 0.2107708948E-02 0.6830656528 397.0745239
 0.418999791145324707E-02 0.2460357733E-02 0.6743170023 404.1503906
 0.472000241279602051E-02 0.2818070119E-02 0.6788964868 412.2180481
 0.523999333381652832E-02 0.3177172272E-02 0.7065550089 420.9320374
 0.576999783515930176E-02 0.3565034363E-02 0.7614111900 430.5804138
 0.629000365734100342E-02 0.3980039619E-02 0.8379760981 440.7469177
 0.681999325752258301E-02 0.4448438995E-02 0.9313686490 451.7630920
 0.733999907970428467E-02 0.4958105739E-02 1.029297590 463.1504211
 0.787000358104705811E-02 0.5530048627E-02 1.128402710 475.2754822
 0.838999450206756592E-02 0.6141283084E-02 1.221904159 487.6053467
 0.891999900341033936E-02 0.6813563406E-02 1.314963698 500.5314636
 0.944000482559204102E-02 0.7521609776E-02 1.409351945 513.4792480
 0.995999574661254883E-02 0.8281042799E-02 1.513921022 526.5980225
 0.104900002479553223E-01 0.9115411900E-02 1.638039470 540.0467529
 0.110099911689758301E-01 0.1000354346E-01 1.781795263 553.2143555
 0.115399956703186035E-01 0.1099206321E-01 1.952453852 566.4989014
 0.120600014925003052E-01 0.1205581333E-01 2.142335415 579.2885742
 0.125899910926818848E-01 0.1324695349E-01 2.355669498 591.9583740
 0.131099969148635864E-01 0.1452993881E-01 2.581334829 603.9159546
 0.136400014162063599E-01 0.1596232504E-01 2.826381445 615.5009766
 0.141599923372268677E-01 0.1749787293E-01 3.082490444 626.1588135
 0.146899968385696411E-01 0.1920500398E-01 3.363196373 636.1807251
 0.152100026607513428E-01 0.2103073522E-01 3.663347483 645.0733032
 0.157399922609329224E-01 0.2306012996E-01 4.000674248 653.0631104
 0.162599980831146240E-01 0.2523429506E-01 4.367721558 659.7398682
 0.167800039052963257E-01 0.2760942653E-01 4.773975372 665.1617432
 0.173099935054779053E-01 0.3025851957E-01 5.229918480 669.2952271
 0.178299993276596069E-01 0.3310336918E-01 5.718456745 671.8916626
 0.183600038290023804E-01 0.3627531976E-01 6.258106709 672.9628906
 0.188799947500228882E-01 0.3967612609E-01 6.829240322 672.3906250
 0.194099992513656616E-01 0.4345981777E-01 7.456639290 670.0832520
 0.199300050735473633E-01 0.4750796407E-01 8.121700287 666.0676880
 0.204599946737289429E-01 0.5200454593E-01 8.857166290 660.1396484
 0.209800004959106445E-01 0.5681174621E-01 9.643240929 652.4833374
 0.215100049972534180E-01 0.6215105578E-01 10.51771355 642.7752075
 0.220299959182739258E-01 0.6785995513E-01 11.45320988 631.3636475
 0.225600004196166992E-01 0.7420101762E-01 12.48903942 617.8004761
 0.230799913406372070E-01 0.8097713441E-01 13.58679295 602.5999146
 0.235999971628189087E-01 0.8834508061E-01 14.76439762 585.5342407
 0.241300016641616821E-01 0.9650612622E-01 16.04540062 566.2416992
 0.246499925851821899E-01 0.1051935032 17.38095856 545.4778442
 0.251799970865249634E-01 0.1147841066 18.82373810 522.4796753
 0.257000029087066650E-01 0.1249585599 20.32234573 498.1563416
 0.262299925088882446E-01 0.1361533999 21.93864632 471.6219788
 0.267499983310699463E-01 0.1479936838 23.61555290 443.9281921
 0.272800028324127197E-01 0.1609837562 25.41904831 414.0676270
 0.277999937534332275E-01 0.1746811718 27.27839088 383.2264709
 0.283299982547760010E-01 0.1896596998 29.25684547 350.2796326
 0.288500040769577026E-01 0.2053931952 31.26554680 316.5328064
 0.293799936771392822E-01 0.2225173265 33.36133575 280.7536926
 0.298999994993209839E-01 0.2404056787 35.44095230 244.3530731
 0.304300040006637573E-01 0.2597510219 37.55637741 205.9960632
 0.309499949216842651E-01 0.2798131406 39.59940338 167.1928711
 0.314700007438659668E-01 0.3009237945 41.58248901 127.2890167
 0.320000052452087402E-01 0.3234792650 43.51445770 85.54777527
 0.325199961662292480E-01 0.3465752304 45.29670334 43.60469055
 0.330500006675720215E-01 0.3710336387 46.97262573 -0.9510309249E-01
 0.335699915885925293E-01 0.3958518207 48.45485687 -43.84140778
 0.340999960899353027E-01 0.4218921959 49.77591324 -89.25870514
 0.346200019121170044E-01 0.4480679035 50.86193848 -134.5721130
 0.351499915122985840E-01 0.4752654433 51.73050308 -181.4598236
 0.356699973344802856E-01 0.5023320913 52.32681274 -228.0918732
 0.362000018358230591E-01 0.5301651359 52.65428925 -276.1920471
 0.367199927568435669E-01 0.5575657487 52.68637085 -323.8740234
 0.372499972581863403E-01 0.5854319930 52.41656876 -372.8972778
 0.377700030803680420E-01 0.6125555634 51.85543442 -421.3307190
 0.382899940013885498E-01 0.6393120885 51.00967407 -470.0090332
 0.388199985027313232E-01 0.6660578251 49.87257385 -519.7832031
 0.393400043249130249E-01 0.6916480660 48.51204681 -568.6736450
 0.398699939250946045E-01 0.7169426680 46.90730286 -618.4473267
 0.403899997472763062E-01 0.7408854365 45.15295792 -667.1124268
 0.409200042486190796E-01 0.7643096447 43.21756363 -716.4107056
 0.414399951696395874E-01 0.7862640619 41.20785141 -764.3462524
 0.419699996709823608E-01 0.8075427413 39.07766342 -812.6195068
 0.424900054931640625E-01 0.8273077011 36.93346786 -859.2561646
 0.430199950933456421E-01 0.8462952971 34.71479797 -905.8861694
 0.435400009155273438E-01 0.8637772799 32.52226639 -950.5858154
 0.440700054168701172E-01 0.8804215193 30.28568649 -994.8960571
 0.445899963378906250E-01 0.8956011534 28.10095978 -1036.966187
 0.451200008392333984E-01 0.9099090099 25.89447784 -1078.231079
 0.456399917602539062E-01 0.9228171110 23.75935936 -1116.947754
 0.461599975824356079E-01 0.9346251488 21.66281700 -1153.731689
 0.466900020837783813E-01 0.9455508590 19.57437706 -1189.049072
 0.472099930047988892E-01 0.9552083015 17.57974625 -1221.387817
 0.477399975061416626E-01 0.9639999270 15.60651970 -1251.816650
 0.482600033283233643E-01 0.9716250300 13.73022556 -1279.023804
 0.487899929285049438E-01 0.9784082770 11.87615871 -1303.896362
 0.493099987506866455E-01 0.9841223359 10.10837460 -1325.354614
 0.498400032520294189E-01 0.9890121222 8.350524902 -1344.093750
 0.503599941730499268E-01 0.9929134250 6.659572601 -1359.292969
 0.508899986743927002E-01 0.9959918261 4.960801601 -1371.441772
 0.514100044965744019E-01 0.9981417656 3.310094833 -1380.005737
 0.519399940967559814E-01 0.9994526505 1.637199402 -1385.259033
 0.524599999189376831E-01 0.9998781085 0.1670430902E-04 -1386.969482
 0.524599999189376831E-01 0.9998781085 0.1670430902E-04 -1386.969482
 0.529800057411193848E-01 0.9994526505 -1.637171865 -1385.259033
 0.535099953413009644E-01 0.9981417656 -3.310082197 -1380.005737
 0.540300011634826660E-01 0.9959918261 -4.960807323 -1371.441772
 0.545600056648254395E-01 0.9929133058 -6.659598351 -1359.292969
 0.550799965858459473E-01 0.9890121818 -8.350563049 -1344.093750
 0.556100010871887207E-01 0.9841222167 -10.10841465 -1325.354614
 0.561300069093704224E-01 0.9784080982 -11.87619114 -1303.896362
 0.566599965095520020E-01 0.9716251493 -13.73023796 -1279.023804
 0.571800023317337036E-01 0.9639999270 -15.60650539 -1251.816650
 0.577100068330764771E-01 0.9552082419 -17.57971573 -1221.387817
 0.582299977540969849E-01 0.9455508590 -19.57432175 -1189.049072
 0.587600022554397583E-01 0.9346252084 -21.66275597 -1153.731689
 0.592800080776214600E-01 0.9228172302 -23.75930977 -1116.947754
 0.597999989986419678E-01 0.9099090099 -25.89444351 -1078.231079
 0.603300034999847412E-01 0.8956012130 -28.10094452 -1036.966187
 0.608499944210052490E-01 0.8804215193 -30.28569984 -994.8960571
 0.613799989223480225E-01 0.8637774587 -32.52228928 -950.5858154
 0.619000047445297241E-01 0.8462953568 -34.71482849 -905.8861694
 0.624299943447113037E-01 0.8273077607 -36.93350983 -859.2561646
 0.629500001668930054E-01 0.8075427413 -39.07769012 -812.6195068
 0.634800046682357788E-01 0.7862640619 -41.20786285 -764.3462524
 0.639999955892562866E-01 0.7643095851 -43.21756363 -716.4107056
 0.645300000905990601E-01 0.7408854961 -45.15294647 -667.1124268
 0.650500059127807617E-01 0.7169425488 -46.90727615 -618.4473267
 0.655799955129623413E-01 0.6916480660 -48.51202011 -568.6736450
 0.661000013351440430E-01 0.6660579443 -49.87255478 -519.7832031
 0.666300058364868164E-01 0.6393120885 -51.00967026 -470.0090332
 0.671499967575073242E-01 0.6125556231 -51.85545349 -421.3307190
 0.676700025796890259E-01 0.5854320526 -52.41660309 -372.8972778
 0.682000070810317993E-01 0.5575658083 -52.68643188 -323.8740234
 0.687199980020523071E-01 0.5301651359 -52.65435410 -276.1920471
 0.692500025033950806E-01 0.5023319721 -52.32687759 -228.0918732
 0.697700083255767822E-01 0.4752652943 -51.73055649 -181.4598236
 0.702999979257583618E-01 0.4480677545 -50.86197662 -134.5721130
 0.708200037479400635E-01 0.4218920469 -49.77591705 -89.25870514
 0.713500082492828369E-01 0.3958516419 -48.45480728 -43.84140778
 0.718699991703033447E-01 0.3710335493 -46.97254944 -0.9510309249E-01
 0.724000036716461182E-01 0.3465751708 -45.29660416 43.60469055
 0.729199945926666260E-01 0.3234792948 -43.51435471 85.54777527
 0.734499990940093994E-01 0.3009238541 -41.58239746 127.2890167
 0.739700049161911011E-01 0.2798132002 -39.59933090 167.1928711
 0.744899958372116089E-01 0.2597511113 -37.55635834 205.9960632
 0.750200003385543823E-01 0.2404057682 -35.44097900 244.3530731
 0.755400061607360840E-01 0.2225174308 -33.36140823 280.7536926
 0.760699957609176636E-01 0.2053932697 -31.26564598 316.5328064
 0.765900015830993652E-01 0.1896597296 -29.25694656 350.2796326
 0.771200060844421387E-01 0.1746811420 -27.27847290 383.2264709
 0.776399970054626465E-01 0.1609836966 -25.41910172 414.0676270
 0.781700015068054199E-01 0.1479935497 -23.61556244 443.9281921
 0.786900073289871216E-01 0.1361533105 -21.93861580 471.6219788
 0.792199969291687012E-01 0.1249585152 -20.32228088 498.1563416
 0.797400027513504028E-01 0.1147840694 -18.82366180 522.4796753
 0.802700072526931763E-01 0.1051934883 -17.38088799 545.4778442
 0.807899981737136841E-01 0.9650616348E-01 -16.04535484 566.2416992
 0.813200026750564575E-01 0.8834513277E-01 -14.76437569 585.5342407
 0.818400084972381592E-01 0.8097718656E-01 -13.58680630 602.5999146
 0.823599994182586670E-01 0.7420103997E-01 -12.48907471 617.8004761
 0.828900039196014404E-01 0.6785997748E-01 -11.45325756 631.3636475
 0.834099948406219482E-01 0.6215105578E-01 -10.51774979 642.7752075
 0.839399993419647217E-01 0.5681172758E-01 -9.643258095 652.4833374
 0.844600051641464233E-01 0.5200451612E-01 -8.857160568 660.1396484
 0.849899947643280029E-01 0.4750795662E-01 -8.121665955 666.0676880
 0.855100005865097046E-01 0.4345981404E-01 -7.456593037 670.0832520
 0.860400050878524780E-01 0.3967617452E-01 -6.829190254 672.3906250
 0.865599960088729858E-01 0.3627537936E-01 -6.258066654 672.9628906
 0.870900005102157593E-01 0.3310344368E-01 -5.718435287 671.8916626
 0.876100063323974609E-01 0.3025860339E-01 -5.229922771 669.2952271
 0.881399959325790405E-01 0.2760949172E-01 -4.773999691 665.1617432
 0.886600017547607422E-01 0.2523434907E-01 -4.367760658 659.7398682
 0.891800075769424438E-01 0.2306016348E-01 -4.000718117 653.0631104
 0.897099971771240234E-01 0.2103074454E-01 -3.663386106 645.0733032
 0.902300029993057251E-01 0.1920499653E-01 -3.363223076 636.1807251
 0.907600075006484985E-01 0.1749784499E-01 -3.082504749 626.1588135
 0.912799984216690063E-01 0.1596230268E-01 -2.826383829 615.5009766
 0.918100029230117798E-01 0.1452992111E-01 -2.581330776 603.9159546
 0.923300087451934814E-01 0.1324693486E-01 -2.355664968 591.9583740
 0.928599983453750610E-01 0.1205579564E-01 -2.142333984 579.2885742
 0.933800041675567627E-01 0.1099204458E-01 -1.952456713 566.4989014
 0.939100086688995361E-01 0.1000352856E-01 -1.781802177 553.2143555
 0.944299995899200439E-01 0.9115390480E-02 -1.638047934 540.0467529
 0.949600040912628174E-01 0.8281014860E-02 -1.513928056 526.5980225
 0.954799950122833252E-01 0.7521579042E-02 -1.409355521 513.4792480
 0.960000008344650269E-01 0.6813529879E-02 -1.314964533 500.5314636
 0.965300053358078003E-01 0.6141250487E-02 -1.221903324 487.6053467
 0.970499962568283081E-01 0.5530016497E-02 -1.128401637 475.2754822
 0.975800007581710815E-01 0.4958074540E-02 -1.029297829 463.1504211
 0.981000065803527832E-01 0.4448405933E-02 -0.9313701391 451.7630920
 0.986299961805343628E-01 0.3980008420E-02 -0.8379755020 440.7469177
 0.991500020027160645E-01 0.3565002466E-02 -0.7614059448 430.5804138
 0.996800065040588379E-01 0.3177147359E-02 -0.7065398693 420.9320374
 0.100199997425079346 0.2818056382E-02 -0.6788696051 412.2180481
 0.100730001926422119 0.2460358897E-02 -0.6742796302 404.1503906
 0.101250007748603821 0.2107733162E-02 -0.6830229163 397.0745239
 0.101779997348785400 0.1743482309E-02 -0.6895952225 390.7550964
 0.102300003170967102 0.1387205441E-02 -0.6759698391 385.4605408
 0.102830007672309875 0.1040434348E-02 -0.6252887249 381.0134583
 0.103349998593330383 0.7381123723E-03 -0.5295160413 377.6023560
 0.103870004415512085 0.4978936631E-03 -0.3870426714 375.1493225
 0.104400008916854858 0.3402048897E-03 -0.2025926113 373.6465454
 0.104919999837875366 0.2870524477E-03 -0.3228525748E-04 373.1575928
