 0.000000000000000000E+00 0.9999928474 0.2440988465E-03 372.9536438
 0.525001436471939087E-03 0.9995588660 -1.653693557 373.4519958
 0.104900076985359192E-02 0.9982589483 -3.309058189 374.9411316
 0.157400220632553101E-02 0.9960841537 -4.977503300 377.4198914
 0.209899991750717163E-02 0.9930296540 -6.662549496 380.8752441
 0.262299925088882446E-02 0.9890927672 -8.368912697 385.2819519
 0.314800068736076355E-02 0.9842430949 -10.11193848 390.6361694
 0.367200002074241638E-02 0.9784796834 -11.89364433 396.8918457
 0.419700145721435547E-02 0.9717561007 -13.72840786 404.0422974
 0.472199916839599609E-02 0.9640552402 -15.61823845 412.0403748
 0.524600222706794739E-02 0.9553644061 -17.56206322 420.8274536
 0.577099993824958801E-02 0.9456205964 -19.56707001 430.3897705
 0.629600137472152710E-02 0.9348093867 -21.62691307 440.6591492
 0.682000070810317993E-02 0.9229273200 -23.73271561 451.5558167
 0.734500214457511902E-02 0.9099041224 -25.88625717 463.0570374
 0.786999985575675964E-02 0.8957403898 -28.07591057 475.0723877
 0.839399918913841248E-02 0.8804498911 -30.28835678 487.5016174
 0.891900062561035156E-02 0.8639629483 -32.52087021 500.3103027
 0.944299995899200439E-02 0.8463374972 -34.75100708 513.3622437
 0.996800139546394348E-02 0.8275096416 -36.96970749 526.6136475
 0.104929991066455841E-01 0.8075258136 -39.15105057 539.9414062
 0.110170021653175354E-01 0.7864532471 -41.26548386 553.2167358
 0.115419998764991760E-01 0.7642521858 -43.29216003 566.3824463
 0.120670013129711151E-01 0.7410180569 -45.19581604 579.3018188
 0.125910006463527679E-01 0.7168706059 -46.94140244 591.8366089
 0.131160020828247070E-01 0.6918072701 -48.50461578 603.9184570
 0.136409997940063477E-01 0.6659784317 -49.85313034 615.4049072
 0.141649991273880005E-01 0.6395545602 -50.95980453 626.1572876
 0.146900005638599396E-01 0.6125661135 -51.80794907 636.0992432
 0.152139998972415924E-01 0.5852570534 -52.37845612 645.0761719
 0.157390013337135315E-01 0.5576707125 -52.66309738 653.0086670
 0.162639990448951721E-01 0.5300120115 -52.65592957 659.7678833
 0.167880021035671234E-01 0.5024852753 -52.35928726 665.2386475
 0.173129998147487640E-01 0.4751368463 -51.77968216 669.3411865
 0.178380012512207031E-01 0.4481636882 -50.93117142 671.9700317
 0.183620005846023560E-01 0.4217525423 -49.83533096 673.0377197
 0.188870020210742950E-01 0.3959270120 -48.51197815 672.4699097
 0.194119997322559357E-01 0.3708496988 -46.99059677 670.1938477
 0.199359990656375885E-01 0.3466617763 -45.30442429 666.1588135
 0.204610005021095276E-01 0.3233510852 -43.47791290 660.2993164
 0.209849998354911804E-01 0.3010701835 -41.54864120 652.5983887
 0.215100012719631195E-01 0.2797817886 -39.53899002 642.9971924
 0.220350008457899094E-01 0.2595627010 -37.48084641 631.4898071
 0.225590001791715622E-01 0.2404662371 -35.40466309 618.0951538
 0.230840016156435013E-01 0.2224247307 -33.32691574 602.7634888
 0.236090011894702911E-01 0.2054686397 -31.27378845 585.5296631
 0.241330005228519440E-01 0.1896088719 -29.26858330 566.4514160
 0.246580000966787338E-01 0.1747572869 -27.32004738 545.4841919
 0.251830015331506729E-01 0.1609099209 -25.44490051 522.6979980
 0.257070008665323257E-01 0.1480493993 -23.65548325 498.1836853
 0.262320004403591156E-01 0.1360817552 -21.95019531 471.8954163
 0.267560016363859177E-01 0.1250062585 -20.33754730 443.9858398
 0.272810012102127075E-01 0.1147336066 -18.81105614 414.4047546
 0.278060007840394974E-01 0.1052393019 -17.37234306 383.2636719
 0.283300001174211502E-01 0.9649366140E-01 -16.02207756 350.6874390
 0.288550015538930893E-01 0.8841866255E-01 -14.75376987 316.6144714
 0.293800011277198792E-01 0.8098753542E-01 -13.56933308 281.1696472
 0.299040004611015320E-01 0.7416876405E-01 -12.47029781 244.4875488
 0.304290000349283218E-01 0.6789285690E-01 -11.45151424 206.4911346
 0.309540014714002609E-01 0.6213061512E-01 -10.51294994 167.3121185
 0.314780008047819138E-01 0.5685056001E-01 -9.652194977 127.0900803
 0.320030003786087036E-01 0.5199400336E-01 -8.860144615 85.73224640
 0.325270015746355057E-01 0.4754443094E-01 -8.132757187 43.45618439
 0.330520011484622955E-01 0.4345367476E-01 -7.459889889 0.1604498476
 0.335770007222890854E-01 0.3970292956E-01 -6.836463928 -44.01601410
 0.341010000556707382E-01 0.3627384081E-01 -6.258835316 -88.92656708
 0.346260014921426773E-01 0.3313061222E-01 -5.722276211 -134.6822815
 0.351510010659694672E-01 0.3025817312E-01 -5.227291107 -181.1359253
 0.356750003993511200E-01 0.2763940394E-01 -4.775026798 -228.1327362
 0.361999999731779099E-01 0.2524227649E-01 -4.363807678 -275.7852478
 0.367250014096498489E-01 0.2305028029E-01 -3.993178844 -323.9333191
 0.372490007430315018E-01 0.2104658261E-01 -3.660348415 -372.4080811
 0.377740012481808662E-01 0.1920531690E-01 -3.358776808 -421.3139343
 0.382990008220076561E-01 0.1751537621E-01 -3.082858086 -470.4712524
 0.388230010867118835E-01 0.1596770063E-01 -2.827157021 -519.6920166
 0.393480006605386734E-01 0.1454722974E-01 -2.586552143 -569.0621948
 0.398720009252429008E-01 0.1325172838E-01 -2.360467196 -618.2847290
 0.403970004990696907E-01 0.1206866093E-01 -2.149237633 -667.4288330
 0.409220010042190552E-01 0.1099182293E-01 -1.956341386 -716.2737427
 0.414460012689232826E-01 0.1001248788E-01 -1.785383105 -764.5917358
 0.419710008427500725E-01 0.9115007706E-02 -1.637535095 -812.4230347
 0.424956008791923523E-01 0.8289734833E-02 -1.512248993 -859.4864502
 0.430202009156346321E-01 0.7525143214E-02 -1.405243754 -905.6577148
 0.435449006035923958E-01 0.6813168526E-02 -1.309910297 -950.7778320
 0.440695006400346756E-01 0.6149880122E-02 -1.219029784 -994.6549683
 0.445941006764769554E-01 0.5534407217E-02 -1.126892686 -1037.118286
 0.451188008300960064E-01 0.4968057387E-02 -1.031326175 -1077.992920
 0.456434008665382862E-01 0.4452431574E-02 -0.9347300529 -1117.077148
 0.461681010201573372E-01 0.3986332566E-02 -0.8434975743 -1154.201172
 0.466927010565996170E-01 0.3564901417E-02 -0.7662220597 -1189.166748
 0.472173010930418968E-01 0.3178594634E-02 -0.7106332183 -1221.801147
 0.477420007809996605E-01 0.2814735053E-02 -0.6805419922 -1251.935791
 0.482666008174419403E-01 0.2460432705E-02 -0.6735060811 -1279.393433
 0.487912008538842201E-01 0.2105679363E-02 -0.6800757051 -1304.024048
 0.493159007746726274E-01 0.1747079077E-02 -0.6851043701 -1325.688354
 0.498405008111149073E-01 0.1390180318E-02 -0.6708515286 -1344.248291
 0.503652009647339582E-01 0.1049384940E-02 -0.6211998463 -1359.598511
 0.508898008847609162E-01 0.7463822840E-03 -0.5259025097 -1371.637451
 0.514144009212031960E-01 0.5058804527E-03 -0.3835707307 -1380.292725
 0.519390708650462329E-01 0.3507277579E-03 -0.2026477903 -1385.509644
 0.524640008807182312E-01 0.2970665228E-03 0.8127092588E-04 -1387.253784
 0.524640008807182312E-01 0.2970665228E-03 0.8127092588E-04 -1387.253784
 0.529889308963902295E-01 0.3508144582E-03 0.2028110921 -1385.509644
 0.535136008402332664E-01 0.5060646217E-03 0.3837339580 -1380.292725
 0.540382008766755462E-01 0.7466505631E-03 0.5260591507 -1371.637451
 0.545628007967025042E-01 0.1049715327E-02 0.6213369370 -1359.598511
 0.550875009503215551E-01 0.1390586025E-02 0.6709507108 -1344.248291
 0.556121009867638350E-01 0.1747509115E-02 0.6851470470 -1325.688354
 0.561368009075522423E-01 0.2106115222E-02 0.6800500751 -1304.024048
 0.566614009439945221E-01 0.2460833406E-02 0.6734080315 -1279.393433
 0.571860009804368019E-01 0.2815081039E-02 0.6803810000 -1251.935791
 0.577107006683945656E-01 0.3178829327E-02 0.7104319334 -1221.801147
 0.582353007048368454E-01 0.3565030172E-02 0.7660069466 -1189.166748
 0.587599007412791252E-01 0.3986351192E-02 0.8432982564 -1154.201172
 0.592846008948981762E-01 0.4452361725E-02 0.9345695376 -1117.077148
 0.598092009313404560E-01 0.4967918154E-02 1.031218290 -1077.992920
 0.603339010849595070E-01 0.5534216762E-02 1.126840115 -1037.118286
 0.608585011214017868E-01 0.6149676163E-02 1.219024539 -994.6549683
 0.613831011578440666E-01 0.6812978070E-02 1.309938192 -950.7778320
 0.619078008458018303E-01 0.7524963934E-02 1.405288458 -905.6577148
 0.624324008822441101E-01 0.8289584890E-02 1.512299418 -859.4864502
 0.629570009186863899E-01 0.9114880115E-02 1.637580633 -812.4230347
 0.634820004925131798E-01 0.1001238916E-01 1.785424352 -764.5917358
 0.640060007572174072E-01 0.1099174004E-01 1.956375003 -716.2737427
 0.645310012623667717E-01 0.1206859481E-01 2.149260283 -667.4288330
 0.650560008361935616E-01 0.1325166970E-01 2.360477209 -618.2847290
 0.655800011008977890E-01 0.1454717014E-01 2.586544037 -569.0621948
 0.661050006747245789E-01 0.1596763730E-01 2.827121258 -519.6920166
 0.666290009394288063E-01 0.1751528494E-01 3.082796812 -470.4712524
 0.671540005132555962E-01 0.1920518652E-01 3.358697653 -421.3139343
 0.676790010184049606E-01 0.2104640566E-01 3.660268307 -372.4080811
 0.682030003517866135E-01 0.2305007540E-01 3.993124247 -323.9333191
 0.687280017882585526E-01 0.2524205670E-01 4.363811016 -275.7852478
 0.692530013620853424E-01 0.2763919905E-01 4.775110722 -228.1327362
 0.697770006954669952E-01 0.3025803901E-01 5.227466106 -181.1359253
 0.703020002692937851E-01 0.3313060105E-01 5.722534180 -134.6822815
 0.708270017057657242E-01 0.3627396747E-01 6.259140015 -88.92656708
 0.713510010391473770E-01 0.3970322013E-01 6.836770058 -44.01601410
 0.718760006129741669E-01 0.4345412180E-01 7.460136414 0.1604498476
 0.724010001868009567E-01 0.4754499719E-01 8.132895470 43.45618439
 0.729250013828277588E-01 0.5199458450E-01 8.860144615 85.73224640
 0.734500009566545486E-01 0.5685111508E-01 9.652044296 127.0900803
 0.739740002900362015E-01 0.6213104352E-01 10.51267242 167.3121185
 0.744990017265081406E-01 0.6789311022E-01 11.45116043 206.4911346
 0.750240013003349304E-01 0.7416883856E-01 12.46993446 244.4875488
 0.755480006337165833E-01 0.8098740876E-01 13.56901836 281.1696472
 0.760730002075433731E-01 0.8841840923E-01 14.75355148 316.6144714
 0.765980016440153122E-01 0.9649334848E-01 16.02198792 350.6874390
 0.771220009773969650E-01 0.1052389592 17.37236595 383.2636719
 0.776470005512237549E-01 0.1147333011 18.81117439 414.4047546
 0.781720001250505447E-01 0.1250059903 20.33770752 443.9858398
 0.786960013210773468E-01 0.1360816061 21.95034981 471.8954163
 0.792210008949041367E-01 0.1480492800 23.65560150 498.1836853
 0.797450002282857895E-01 0.1609098911 25.44495583 522.6979980
 0.802700016647577286E-01 0.1747573018 27.32004356 545.4841919
 0.807950012385845184E-01 0.1896088421 29.26854706 566.4514160
 0.813190005719661713E-01 0.2054686099 31.27374840 585.5296631
 0.818440001457929611E-01 0.2224246711 33.32690048 602.7634888
 0.823690015822649002E-01 0.2404661924 35.40470123 618.0951538
 0.828930009156465530E-01 0.2595625520 37.48094940 631.4898071
 0.834180004894733429E-01 0.2797818482 39.53912354 642.9971924
 0.839430019259452820E-01 0.3010702729 41.54879761 652.5983887
 0.844670012593269348E-01 0.3233512640 43.47804260 660.2993164
 0.849920026957988739E-01 0.3466620743 45.30451965 666.1588135
 0.855160020291805267E-01 0.3708499968 46.99060440 670.1938477
 0.860409997403621674E-01 0.3959271908 48.51191330 672.4699097
 0.865660011768341064E-01 0.4217527509 49.83520889 673.0377197
 0.870900005102157593E-01 0.4481638372 50.93100357 671.9700317
 0.876150019466876984E-01 0.4751368463 51.77951050 669.3411865
 0.881399996578693390E-01 0.5024852753 52.35913086 665.2386475
 0.886640027165412903E-01 0.5300117731 52.65584183 659.7678833
 0.891890004277229309E-01 0.5576705933 52.66310120 653.0086670
 0.897140018641948700E-01 0.5852569938 52.37854004 645.0761719
 0.902380011975765228E-01 0.6125659943 51.80809784 636.0992432
 0.907630026340484619E-01 0.6395546794 50.95998001 626.1572876
 0.912870019674301147E-01 0.6659785509 49.85330963 615.4049072
 0.918119996786117554E-01 0.6918075085 48.50475693 603.9184570
 0.923370011150836945E-01 0.7168710232 46.94145584 591.8366089
 0.928610004484653473E-01 0.7410185337 45.19576645 579.3018188
 0.933860018849372864E-01 0.7642523646 43.29201126 566.3824463
 0.939109995961189270E-01 0.7864533663 41.26525116 553.2167358
 0.944350026547908783E-01 0.8075256944 39.15076447 539.9414062
 0.949600003659725189E-01 0.8275095224 36.96944046 526.6136475
 0.954850018024444580E-01 0.8463371396 34.75080109 513.3622437
 0.960090011358261108E-01 0.8639625907 32.52080536 500.3103027
 0.965340025722980499E-01 0.8804495335 30.28844070 487.5016174
 0.970580019056797028E-01 0.8957401514 28.07614708 475.0723877
 0.975829996168613434E-01 0.9099039435 25.88659477 463.0570374
 0.981080010533332825E-01 0.9229274988 23.73309135 451.5558167
 0.986320003867149353E-01 0.9348096848 21.62723541 440.6591492
 0.991570018231868744E-01 0.9456209540 19.56727028 430.3897705
 0.996819995343685150E-01 0.9553648233 17.56208038 420.8274536
 0.100206002593040466 0.9640556574 15.61806107 412.0403748
 0.100731000304222107 0.9717566371 13.72806740 404.0422974
 0.101256001740694046 0.9784796834 11.89321041 396.8918457
 0.101780001074075699 0.9842429757 10.11149788 390.6361694
 0.102305002510547638 0.9890925288 8.368580818 385.2819519
 0.102829001843929291 0.9930291772 6.662395954 380.8752441
 0.103353999555110931 0.9960836768 4.977572441 377.4198914
 0.103879000991582870 0.9982584715 3.309335470 374.9411316
 0.104403000324964523 0.9995586276 1.654120684 373.4519958
 0.104928001761436462 0.9999928474 0.2371389710E-03 372.9536438
