 0.524640008807182312E-01 -0.4999184310 -7.895838737 194.0289917
 0.529889985918998718E-01 -0.5037816763 -6.830103397 183.8631592
 0.535130016505718231E-01 -0.5070933104 -5.818076611 174.5415649
 0.540379993617534637E-01 -0.5098921657 -4.851575375 166.1757355
 0.545630007982254028E-01 -0.5121948719 -3.927752018 158.9295959
 0.550870001316070557E-01 -0.5140196085 -3.043262720 152.9576416
 0.556120015680789948E-01 -0.5153922439 -2.189994335 148.3798218
 0.561360009014606476E-01 -0.5163229704 -1.367335200 145.3545837
 0.566609986126422882E-01 -0.5168302655 -0.5696172714 144.0101318
 0.571860000491142273E-01 -0.5169255733 0.2025098801 144.4915009
 0.577099993824958801E-01 -0.5166232586 0.9469916821 146.9272919
 0.582350008189678192E-01 -0.5159363151 1.664732456 151.4582977
 0.587599985301494598E-01 -0.5148807764 2.351422548 158.2087860
 0.592840015888214111E-01 -0.5134763718 3.002418518 167.2810364
 0.598089993000030518E-01 -0.5117371082 3.616369486 178.8235931
 0.603340007364749908E-01 -0.5096865892 4.187721252 192.9277344
 0.608580000698566437E-01 -0.5073531866 4.710519314 209.6548004
 0.613830015063285828E-01 -0.5047541857 5.180752277 229.1524353
 0.619079992175102234E-01 -0.5019239783 5.590091705 251.4613647
 0.624319985508918762E-01 -0.4989025891 5.929364681 276.5850525
 0.629570037126541138E-01 -0.4957175255 6.190285206 304.6574707
 0.634820014238357544E-01 -0.4924184084 6.362106323 335.6499939
 0.640060007572174072E-01 -0.4890610576 6.435151577 369.4927063
 0.645309984683990479E-01 -0.4856866598 6.401342392 406.2889404
 0.650549978017807007E-01 -0.4823658168 6.254557610 445.8508911
 0.655800029635429382E-01 -0.4791462719 5.990709305 488.2557678
 0.661050006747245789E-01 -0.4760961235 5.609579086 533.3318481
 0.666290000081062317E-01 -0.4732813835 5.115157127 580.8623047
 0.671539977192878723E-01 -0.4707497656 4.511852741 630.8800049
 0.676779970526695251E-01 -0.4685649872 3.811492682 683.0217896
 0.682030022144317627E-01 -0.4667671919 3.024109602 737.2901611
 0.687279999256134033E-01 -0.4654019773 2.166672468 793.3663330
 0.692519992589950562E-01 -0.4645024836 1.259344697 850.9009399
 0.697769969701766968E-01 -0.4640871882 0.3192873597 909.8552856
 0.703020021319389343E-01 -0.4641687572 -0.6295422912 969.8487549
 0.708260014653205872E-01 -0.4647440910 -1.562352657 1030.478027
 0.713509991765022278E-01 -0.4658020735 -2.460040569 1091.679199
 0.718759968876838684E-01 -0.4673170447 -3.299533844 1153.036011
 0.724000036716461182E-01 -0.4692492187 -4.060671806 1214.129028
 0.729250013828277588E-01 -0.4715611637 -4.730835438 1274.885498
 0.734490007162094116E-01 -0.4741929173 -5.295817375 1334.775635
 0.739739984273910522E-01 -0.4770975113 -5.750011921 1393.735107
 0.744990035891532898E-01 -0.4802100658 -6.088268757 1451.366211
 0.750230029225349426E-01 -0.4834634662 -6.309691906 1507.290527
 0.755480006337165833E-01 -0.4868091941 -6.417441845 1561.465820
 0.760729983448982239E-01 -0.4901825786 -6.415661812 1613.542969
 0.765969976782798767E-01 -0.4935212731 -6.311158180 1663.207031
 0.771220028400421143E-01 -0.4967861772 -6.111399174 1710.444336
 0.776470005512237549E-01 -0.4999231994 -5.825287819 1754.972534
 0.781709998846054077E-01 -0.5028837919 -5.462820530 1796.550293
 0.786970034241676331E-01 -0.5056465864 -5.030913353 1835.263062
 0.792199969291687012E-01 -0.5081521869 -4.542508602 1870.624390
 0.797460004687309265E-01 -0.5104011297 -3.999732971 1902.932251
 0.802690014243125916E-01 -0.5123417377 -3.415283203 1931.725708
 0.807949975132942200E-01 -0.5139748454 -2.787703276 1957.258301
 0.813179984688758850E-01 -0.5152619481 -2.128143072 1979.174683
 0.818440020084381104E-01 -0.5161996484 -1.432074904 1997.674561
 0.823670029640197754E-01 -0.5167610049 -0.7097339034 2012.504395
 0.828929990530014038E-01 -0.5169369578 0.4542240128E-01 2023.798584
 0.834160000085830688E-01 -0.5167108774 0.8236159086 2031.399536
 0.839420035481452942E-01 -0.5160658360 1.633319378 2035.369263
 0.844679996371269226E-01 -0.5149877667 2.470716715 2035.629761
 0.849910005927085876E-01 -0.5134714842 3.332703352 2032.189209
 0.855169966816902161E-01 -0.5114832520 4.232529163 2024.985596
 0.860399976372718811E-01 -0.5090277791 5.164653301 2014.075928
 0.865660011768341064E-01 -0.5060552359 6.145443439 1999.307495
 0.870890021324157715E-01 -0.5025754571 7.169703007 1980.818970
 0.876149982213973999E-01 -0.4985213280 8.254928589 1958.364136
 0.881379991769790649E-01 -0.4939090014 9.393779755 1932.161743
 0.886640027165412903E-01 -0.4886524975 10.60355759 1901.870728
 0.891899988055229187E-01 -0.4827420712 11.88176060 1867.587524
 0.897129997611045837E-01 -0.4761799276 13.22471333 1829.496826
 0.902390033006668091E-01 -0.4688515365 14.65323544 1787.116821
 0.907619968056678772E-01 -0.4607982934 16.15828896 1740.889771
 0.912880003452301025E-01 -0.4518803656 17.76662445 1690.242310
 0.918110013008117676E-01 -0.4421475530 19.47089767 1635.718750
 0.923369973897933960E-01 -0.4314297140 21.30221176 1576.665039
 0.928599983453750610E-01 -0.4197849929 23.25005150 1513.736938
 0.933860018849372864E-01 -0.4070106447 25.34437180 1446.205200
 0.939090028405189514E-01 -0.3931809068 27.56471252 1374.849976
 0.944349989295005798E-01 -0.3780644536 29.93539619 1298.878052
 0.949610024690628052E-01 -0.3616655469 32.43874741 1218.731689
 0.954840034246444702E-01 -0.3440221548 35.05093765 1134.972900
 0.960099995136260986E-01 -0.3248693943 37.79206085 1046.733765
 0.965330004692077637E-01 -0.3043687046 40.62106323 955.1387329
 0.970589965581893921E-01 -0.2822328806 43.56110764 859.2869263
 0.975819975137710571E-01 -0.2586671412 46.56970215 760.4468994
 0.981080010533332825E-01 -0.2333586812 49.67078781 657.6948853
 0.986310020089149475E-01 -0.2065609545 52.81444550 552.4425049
 0.991569980978965759E-01 -0.1779401004 56.01525497 443.7554626
 0.996830016374588013E-01 -0.1476313621 59.22462463 332.5299683
 0.100210003554821014 -0.1155786812 62.40751266 218.8844452
 0.100730001926422119 -0.8232683688E-01 65.46675873 104.9367371
 0.101250000298023224 -0.4751709104E-01 68.38974762 -10.43581295
 0.101779997348785400 -0.1052404288E-01 71.16873169 -129.0832520
 0.102300003170967102 0.2713919431E-01 73.64202881 -246.1099854
 0.102830000221729279 0.6676989794E-01 75.85247040 -365.5664368
 0.103349998593330383 0.1067025661 77.67518616 -482.5010376
 0.103880003094673157 0.1482789516 79.14873505 -600.9486694
 0.104400001466274261 0.1897261441 80.19724274 -715.9836426
 0.104929998517036438 0.2324219793 80.84937286 -831.5697632
 0.105449996888637543 0.2745402455 81.07573700 -942.9052734
 0.105980001389980316 0.3174787760 80.88449860 -1053.833984
 0.106499999761581421 0.3594003618 80.28553009 -1159.758179
 0.107029996812343597 0.4016984105 79.26167297 -1264.354614
 0.107550002634525299 0.4425674677 77.86142731 -1363.316528
 0.108079999685287476 0.4833700061 76.04758453 -1460.105591
 0.108599998056888580 0.5223741531 73.91284180 -1550.770508
 0.109119996428489685 0.5601837635 71.45960236 -1636.915039
 0.109650000929832458 0.5973313451 68.67500305 -1719.828735
 0.110169999301433563 0.6322811246 65.71426392 -1796.187256
 0.110699996352195740 0.6662695408 62.51929474 -1868.766357
 0.111220002174377441 0.6979379654 59.26524734 -1934.707520
 0.111749999225139618 0.7284531593 55.87935638 -1996.457031
 0.112269997596740723 0.7566404939 52.53328323 -2051.634766
 0.112800002098083496 0.7835813165 49.13429260 -2102.344727
 0.113320000469684601 0.8082717061 45.83647156 -2146.683105
 0.113849997520446777 0.8316862583 42.53088379 -2186.395508
 0.114370003342628479 0.8529733419 39.35339355 -2220.048096
 0.114900000393390656 0.8729885221 36.18921661 -2249.020264
 0.115419998764991760 0.8910164833 33.16279221 -2272.323730
 0.115950003266334534 0.9077939391 30.16212273 -2290.974609
 0.116470001637935638 0.9227314591 27.30444336 -2304.400635
 0.116990000009536743 0.9362057447 24.53543282 -2313.137695
 0.117519997060298920 0.9484820366 21.80610657 -2317.365479
 0.118040002882480621 0.9591448903 19.21872711 -2317.074707
 0.118569999933242798 0.9686515927 16.67017937 -2312.408691
 0.119089998304843903 0.9766875505 14.25010586 -2303.691650
 0.119620002806186676 0.9836027622 11.85620022 -2290.742188
 0.120140001177787781 0.9891706705 9.568263054 -2274.191650
 0.120669998228549957 0.9936352968 7.286540031 -2253.544922
 0.121189996600151062 0.9968505502 5.085633278 -2229.716309
 0.121720001101493835 0.9989576340 2.869377613 -2201.917725
 0.122239999473094940 0.9998881221 0.7105743885 -2171.320068
 0.122769996523857117 0.9996829033 -1.484883904 -2136.864502
 0.123290002346038818 0.9983496666 -3.645137310 -2099.959961
 0.123819999396800995 0.9958305359 -5.864860535 -2059.295410
 0.124339997768402100 0.9922084808 -8.072081566 -2016.505859
 0.124860003590583801 0.9874283075 -10.32017231 -1970.949097
 0.125389993190765381 0.9813400507 -12.66524601 -1921.769775
 0.125909999012947083 0.9741420746 -15.02969646 -1870.918823
 0.126440003514289856 0.9655216336 -17.51409531 -1816.546265
 0.126959994435310364 0.9557633400 -20.03255844 -1760.808472
 0.127489998936653137 0.9444462657 -22.68846893 -1701.670776
 0.128010004758834839 0.9319506288 -25.38608170 -1641.483765
 0.128539994359016418 0.9177465439 -28.23199463 -1578.063721
 0.129060000181198120 0.9023190737 -31.12003136 -1513.935181
 0.129590004682540894 0.8850238323 -34.16012955 -1446.785034
 0.130109995603561401 0.8664655089 -37.23391342 -1379.310059
 0.130630001425743103 0.8462861180 -40.39135742 -1310.425049
 0.131160005927085876 0.8240088820 -43.68468475 -1238.958374
 0.131679996848106384 0.8004397154 -46.97439957 -1167.809692
 0.132210001349449158 0.7746456861 -50.36662292 -1094.459717
 0.132730007171630859 0.7475859523 -53.70801926 -1021.906250
 0.133259996771812439 0.7182219028 -57.09578323 -947.6081543
 0.133780002593994141 0.6876780391 -60.36707306 -874.6170044
 0.134310007095336914 0.6548196077 -63.60709000 -800.3956299
 0.134829998016357422 0.6209462285 -66.65061188 -728.0138550
 0.135360002517700195 0.5848385096 -69.56848907 -654.9644775
 0.135879993438720703 0.5479676127 -72.20430756 -584.2823486
 0.136409997940063477 0.5090473294 -74.61296844 -513.5256348
 0.136930003762245178 0.4697012603 -76.66052246 -445.6360168
 0.137459993362426758 0.4285979867 -78.38606262 -378.2741699
 0.137979999184608459 0.3874799311 -79.69210815 -314.2299194
 0.138500005006790161 0.3457879126 -80.59023285 -252.4515381
 0.139029994606971741 0.3029292226 -81.06935120 -192.0456848
 0.139550000429153442 0.2607450783 -81.10434723 -135.4918671
 0.140080004930496216 0.2178473473 -80.69866180 -80.80323792
 0.140599995851516724 0.1760801673 -79.87837219 -30.20374298
 0.141130000352859497 0.1340570003 -78.63091278 18.11872101
 0.141650006175041199 0.9356960654E-01 -77.02878571 62.23244095
 0.142179995775222778 0.5325653777E-01 -75.04264832 103.7515411
 0.142700001597404480 0.1480860915E-01 -72.78390503 141.0600433
 0.143230006098747253 -0.2309577912E-01 -70.20770264 175.5662994
 0.143749997019767761 -0.5889602378E-01 -67.45553589 205.9701691
 0.144270002841949463 -0.9321863949E-01 -64.52703857 232.9864349
 0.144800007343292236 -0.1265969723 -61.40936661 257.0893860
 0.145319998264312744 -0.1577149630 -58.26721191 277.4459534
 0.145850002765655518 -0.1877382994 -55.02524567 294.9401245
 0.146369993686676025 -0.2155235410 -51.84618759 309.0282288
 0.146899998188018799 -0.2421511561 -48.64313889 320.3904114
 0.147420004010200500 -0.2666422427 -45.56518555 328.7455444
 0.147949993610382080 -0.2899791002 -42.51596832 334.5799866
 0.148469999432563782 -0.3113314807 -39.62575531 337.8444824
 0.149000003933906555 -0.3315776289 -36.79402161 338.8472290
 0.149519994854927063 -0.3500135243 -34.13433075 337.7344055
 0.150049999356269836 -0.3674140573 -31.54863167 334.6554871
 0.150570005178451538 -0.3831870854 -29.13743782 329.9160767
 0.151099994778633118 -0.3980070353 -26.80994987 323.5289307
 0.151620000600814819 -0.4113825560 -24.65471268 315.9235535
 0.152140006422996521 -0.4236701727 -22.62613678 307.1775513
 0.152669996023178101 -0.4351420403 -20.68641090 297.2776794
 0.153190001845359802 -0.4454307258 -18.90392303 286.7774963
 0.153709992766380310 -0.4548218548 -17.23429298 275.6737061
 0.154239997267723083 -0.4635289311 -15.63987064 263.9109192
 0.154760003089904785 -0.4712759852 -14.17130280 252.1016083
 0.155289992690086365 -0.4784095585 -12.76240730 239.9610596
 0.155809998512268066 -0.4847037792 -11.45753765 228.1073456
 0.156340003013610840 -0.4904397130 -10.19901180 216.2463837
 0.156859993934631348 -0.4954361320 -9.028409004 204.9798431
 0.157389998435974121 -0.4999184310 -7.895830154 194.0289154
