The system is: Linux - 5.14.21-150400.24.81_12.0.87-cray_shasta_c - x86_64
Compiling the Fortran compiler identification source file "CMakeFortranCompilerId.F" succeeded.
Compiler: /opt/cray/pe/craype/2.7.30/bin/ftn 
Build flags: 
Id flags: -v 

The output was:
0
Driving: gfortran-12 -march=znver3 -D__CRAY_X86_MILAN -D__CRAY_NVIDIA80 -D__CRAYXT_COMPUTE_LINUX_TARGET -D__TARGET_LINUX__ -v CMakeFortranCompilerId.F -Wl,-Bdynamic -I/opt/cray/pe/mpich/8.1.28/ofi/gnu/12.3/include -I/opt/cray/pe/libsci/23.12.5/GNU/12.3/x86_64/include -I/opt/nvidia/hpc_sdk/Linux_x86_64/23.9/cuda/12.2/nvvm/include -I/opt/nvidia/hpc_sdk/Linux_x86_64/23.9/cuda/12.2/extras/CUPTI/include -I/opt/nvidia/hpc_sdk/Linux_x86_64/23.9/cuda/12.2/extras/Debugger/include -I/opt/cray/pe/dsmml/0.2.2/dsmml//include -I/opt/cray/xpmem/2.6.2-2.5_2.38__gd067c3f.shasta/include -L/opt/cray/pe/mpich/8.1.28/ofi/gnu/12.3/lib -L/opt/cray/pe/mpich/8.1.28/gtl/lib -L/opt/cray/pe/libsci/23.12.5/GNU/12.3/x86_64/lib -L/opt/nvidia/hpc_sdk/Linux_x86_64/23.9/cuda/12.2/lib64/stubs -L/opt/nvidia/hpc_sdk/Linux_x86_64/23.9/cuda/12.2/lib64 -L/opt/nvidia/hpc_sdk/Linux_x86_64/23.9/cuda/12.2/nvvm/lib64 -L/opt/nvidia/hpc_sdk/Linux_x86_64/23.9/cuda/12.2/extras/CUPTI/lib64 -L/opt/nvidia/hpc_sdk/Linux_x86_64/23.9/cuda/12.2/extras/Debugger/lib64 -L/opt/nvidia/hpc_sdk/Linux_x86_64/23.9/math_libs/12.2/lib64 -L/opt/cray/pe/dsmml/0.2.2/dsmml//lib -L/opt/cray/xpmem/2.6.2-2.5_2.38__gd067c3f.shasta/lib64 -Wl,--as-needed,-lcupti,-lcudart,--no-as-needed -lcuda -Wl,--as-needed,-lmpifort_gnu_123,--no-as-needed -Wl,--as-needed,-lsci_gnu_123_mpi,--no-as-needed -Wl,--as-needed,-lmpi_gnu_123,--no-as-needed -lmpi_gtl_cuda -Wl,--as-needed,-lsci_gnu_123,--no-as-needed -ldl -Wl,--as-needed,-ldsmml,--no-as-needed -lxpmem -Wl,--as-needed,-lgfortran,-lquadmath,--no-as-needed -Wl,--as-needed,-lpthread,--no-as-needed -Wl,--disable-new-dtags -l gfortran -l m -shared-libgcc
Using built-in specs.
COLLECT_GCC=gfortran-12
COLLECT_LTO_WRAPPER=/usr/lib64/gcc/x86_64-suse-linux/12/lto-wrapper
OFFLOAD_TARGET_NAMES=nvptx-none
OFFLOAD_TARGET_DEFAULT=1
Target: x86_64-suse-linux
Configured with: ../configure --prefix=/usr --infodir=/usr/share/info --mandir=/usr/share/man --libdir=/usr/lib64 --libexecdir=/usr/lib64 --enable-languages=c,c++,objc,fortran,obj-c++,ada,go,d --enable-offload-targets=nvptx-none, --enable-offload-defaulted --without-cuda-driver --enable-checking=release --disable-werror --with-gxx-include-dir=/usr/include/c++/12 --enable-ssp --disable-libssp --disable-libvtv --enable-cet=auto --disable-libcc1 --disable-plugin --with-bugurl=https://bugs.opensuse.org/ --with-pkgversion='SUSE Linux' --with-slibdir=/lib64 --with-system-zlib --enable-libstdcxx-allocator=new --disable-libstdcxx-pch --enable-libphobos --enable-version-specific-runtime-libs --with-gcc-major-version-only --enable-linker-build-id --enable-linux-futex --enable-gnu-indirect-function --program-suffix=-12 --without-system-libunwind --enable-multilib --with-arch-32=x86-64 --with-tune=generic --enable-link-serialization --build=x86_64-suse-linux --host=x86_64-suse-linux
Thread model: posix
Supported LTO compression algorithms: zlib
gcc version 12.3.0 (SUSE Linux) 
COLLECT_GCC_OPTIONS='-march=znver3' '-D' '__CRAY_X86_MILAN' '-D' '__CRAY_NVIDIA80' '-D' '__CRAYXT_COMPUTE_LINUX_TARGET' '-D' '__TARGET_LINUX__' '-v' '-I' '/opt/cray/pe/mpich/8.1.28/ofi/gnu/12.3/include' '-I' '/opt/cray/pe/libsci/23.12.5/GNU/12.3/x86_64/include' '-I' '/opt/nvidia/hpc_sdk/Linux_x86_64/23.9/cuda/12.2/nvvm/include' '-I' '/opt/nvidia/hpc_sdk/Linux_x86_64/23.9/cuda/12.2/extras/CUPTI/include' '-I' '/opt/nvidia/hpc_sdk/Linux_x86_64/23.9/cuda/12.2/extras/Debugger/include' '-I' '/opt/cray/pe/dsmml/0.2.2/dsmml//include' '-I' '/opt/cray/xpmem/2.6.2-2.5_2.38__gd067c3f.shasta/include' '-L/opt/cray/pe/mpich/8.1.28/ofi/gnu/12.3/lib' '-L/opt/cray/pe/mpich/8.1.28/gtl/lib' '-L/opt/cray/pe/libsci/23.12.5/GNU/12.3/x86_64/lib' '-L/opt/nvidia/hpc_sdk/Linux_x86_64/23.9/cuda/12.2/lib64/stubs' '-L/opt/nvidia/hpc_sdk/Linux_x86_64/23.9/cuda/12.2/lib64' '-L/opt/nvidia/hpc_sdk/Linux_x86_64/23.9/cuda/12.2/nvvm/lib64' '-L/opt/nvidia/hpc_sdk/Linux_x86_64/23.9/cuda/12.2/extras/CUPTI/lib64' '-L/opt/nvidia/hpc_sdk/Linux_x86_64/23.9/cuda/12.2/extras/Debugger/lib64' '-L/opt/nvidia/hpc_sdk/Linux_x86_64/23.9/math_libs/12.2/lib64' '-L/opt/cray/pe/dsmml/0.2.2/dsmml//lib' '-L/opt/cray/xpmem/2.6.2-2.5_2.38__gd067c3f.shasta/lib64' '-shared-libgcc' '-dumpdir' 'a-'
 /usr/lib64/gcc/x86_64-suse-linux/12/f951 CMakeFortranCompilerId.F -ffixed-form -cpp=/tmp/ccdXNQf6.f90 -quiet -v -I /opt/cray/pe/mpich/8.1.28/ofi/gnu/12.3/include -I /opt/cray/pe/libsci/23.12.5/GNU/12.3/x86_64/include -I /opt/nvidia/hpc_sdk/Linux_x86_64/23.9/cuda/12.2/nvvm/include -I /opt/nvidia/hpc_sdk/Linux_x86_64/23.9/cuda/12.2/extras/CUPTI/include -I /opt/nvidia/hpc_sdk/Linux_x86_64/23.9/cuda/12.2/extras/Debugger/include -I /opt/cray/pe/dsmml/0.2.2/dsmml//include -I /opt/cray/xpmem/2.6.2-2.5_2.38__gd067c3f.shasta/include -D __CRAY_X86_MILAN -D __CRAY_NVIDIA80 -D __CRAYXT_COMPUTE_LINUX_TARGET -D __TARGET_LINUX__ CMakeFortranCompilerId.F -quiet -dumpdir a- -dumpbase CMakeFortranCompilerId.F -dumpbase-ext .F -march=znver3 -version -fintrinsic-modules-path /usr/lib64/gcc/x86_64-suse-linux/12/finclude -fpre-include=/usr/include/finclude/math-vector-fortran.h -o /tmp/ccSrPte8.s
GNU Fortran (SUSE Linux) version 12.3.0 (x86_64-suse-linux)
	compiled by GNU C version 12.3.0, GMP version 6.1.2, MPFR version 4.0.2-p6, MPC version 1.1.0, isl version isl-0.18-GMP

GGC heuristics: --param ggc-min-expand=100 --param ggc-min-heapsize=131072
#include "..." search starts here:
#include <...> search starts here:
 /opt/cray/pe/mpich/8.1.28/ofi/gnu/12.3/include
 /opt/cray/pe/libsci/23.12.5/GNU/12.3/x86_64/include
 /opt/nvidia/hpc_sdk/Linux_x86_64/23.9/cuda/12.2/nvvm/include
 /opt/nvidia/hpc_sdk/Linux_x86_64/23.9/cuda/12.2/extras/CUPTI/include
 /opt/nvidia/hpc_sdk/Linux_x86_64/23.9/cuda/12.2/extras/Debugger/include
 /opt/cray/pe/dsmml/0.2.2/dsmml//include
 /opt/cray/xpmem/2.6.2-2.5_2.38__gd067c3f.shasta/include
 /usr/lib64/gcc/x86_64-suse-linux/12/finclude
 /opt/nvidia/hpc_sdk/Linux_x86_64/23.9/math_libs/12.2/include
 /opt/nvidia/hpc_sdk/Linux_x86_64/23.9/cuda/12.2/include
 /usr/lib64/gcc/x86_64-suse-linux/12/include
 /usr/local/include
 /usr/lib64/gcc/x86_64-suse-linux/12/include-fixed
 /usr/lib64/gcc/x86_64-suse-linux/12/../../../../x86_64-suse-linux/include
 /usr/include
End of search list.
GNU Fortran2008 (SUSE Linux) version 12.3.0 (x86_64-suse-linux)
	compiled by GNU C version 12.3.0, GMP version 6.1.2, MPFR version 4.0.2-p6, MPC version 1.1.0, isl version isl-0.18-GMP

GGC heuristics: --param ggc-min-expand=100 --param ggc-min-heapsize=131072
COLLECT_GCC_OPTIONS='-march=znver3' '-D' '__CRAY_X86_MILAN' '-D' '__CRAY_NVIDIA80' '-D' '__CRAYXT_COMPUTE_LINUX_TARGET' '-D' '__TARGET_LINUX__' '-v' '-I' '/opt/cray/pe/mpich/8.1.28/ofi/gnu/12.3/include' '-I' '/opt/cray/pe/libsci/23.12.5/GNU/12.3/x86_64/include' '-I' '/opt/nvidia/hpc_sdk/Linux_x86_64/23.9/cuda/12.2/nvvm/include' '-I' '/opt/nvidia/hpc_sdk/Linux_x86_64/23.9/cuda/12.2/extras/CUPTI/include' '-I' '/opt/nvidia/hpc_sdk/Linux_x86_64/23.9/cuda/12.2/extras/Debugger/include' '-I' '/opt/cray/pe/dsmml/0.2.2/dsmml//include' '-I' '/opt/cray/xpmem/2.6.2-2.5_2.38__gd067c3f.shasta/include' '-L/opt/cray/pe/mpich/8.1.28/ofi/gnu/12.3/lib' '-L/opt/cray/pe/mpich/8.1.28/gtl/lib' '-L/opt/cray/pe/libsci/23.12.5/GNU/12.3/x86_64/lib' '-L/opt/nvidia/hpc_sdk/Linux_x86_64/23.9/cuda/12.2/lib64/stubs' '-L/opt/nvidia/hpc_sdk/Linux_x86_64/23.9/cuda/12.2/lib64' '-L/opt/nvidia/hpc_sdk/Linux_x86_64/23.9/cuda/12.2/nvvm/lib64' '-L/opt/nvidia/hpc_sdk/Linux_x86_64/23.9/cuda/12.2/extras/CUPTI/lib64' '-L/opt/nvidia/hpc_sdk/Linux_x86_64/23.9/cuda/12.2/extras/Debugger/lib64' '-L/opt/nvidia/hpc_sdk/Linux_x86_64/23.9/math_libs/12.2/lib64' '-L/opt/cray/pe/dsmml/0.2.2/dsmml//lib' '-L/opt/cray/xpmem/2.6.2-2.5_2.38__gd067c3f.shasta/lib64' '-shared-libgcc' '-dumpdir' 'a-'
 /usr/lib64/gcc/x86_64-suse-linux/12/../../../../x86_64-suse-linux/bin/as -v -I /opt/cray/pe/mpich/8.1.28/ofi/gnu/12.3/include -I /opt/cray/pe/libsci/23.12.5/GNU/12.3/x86_64/include -I /opt/nvidia/hpc_sdk/Linux_x86_64/23.9/cuda/12.2/nvvm/include -I /opt/nvidia/hpc_sdk/Linux_x86_64/23.9/cuda/12.2/extras/CUPTI/include -I /opt/nvidia/hpc_sdk/Linux_x86_64/23.9/cuda/12.2/extras/Debugger/include -I /opt/cray/pe/dsmml/0.2.2/dsmml//include -I /opt/cray/xpmem/2.6.2-2.5_2.38__gd067c3f.shasta/include --64 -o /tmp/cc1JKOl7.o /tmp/ccSrPte8.s
GNU assembler version 2.41.0 (x86_64-suse-linux) using BFD version (GNU Binutils; SUSE Linux Enterprise 15) 2.41.0.20230908-150100.7.46
Reading specs from /usr/lib64/gcc/x86_64-suse-linux/12/libgfortran.spec
rename spec lib to liborig
COLLECT_GCC_OPTIONS='-march=znver3' '-D' '__CRAY_X86_MILAN' '-D' '__CRAY_NVIDIA80' '-D' '__CRAYXT_COMPUTE_LINUX_TARGET' '-D' '__TARGET_LINUX__' '-v' '-I' '/opt/cray/pe/mpich/8.1.28/ofi/gnu/12.3/include' '-I' '/opt/cray/pe/libsci/23.12.5/GNU/12.3/x86_64/include' '-I' '/opt/nvidia/hpc_sdk/Linux_x86_64/23.9/cuda/12.2/nvvm/include' '-I' '/opt/nvidia/hpc_sdk/Linux_x86_64/23.9/cuda/12.2/extras/CUPTI/include' '-I' '/opt/nvidia/hpc_sdk/Linux_x86_64/23.9/cuda/12.2/extras/Debugger/include' '-I' '/opt/cray/pe/dsmml/0.2.2/dsmml//include' '-I' '/opt/cray/xpmem/2.6.2-2.5_2.38__gd067c3f.shasta/include' '-L/opt/cray/pe/mpich/8.1.28/ofi/gnu/12.3/lib' '-L/opt/cray/pe/mpich/8.1.28/gtl/lib' '-L/opt/cray/pe/libsci/23.12.5/GNU/12.3/x86_64/lib' '-L/opt/nvidia/hpc_sdk/Linux_x86_64/23.9/cuda/12.2/lib64/stubs' '-L/opt/nvidia/hpc_sdk/Linux_x86_64/23.9/cuda/12.2/lib64' '-L/opt/nvidia/hpc_sdk/Linux_x86_64/23.9/cuda/12.2/nvvm/lib64' '-L/opt/nvidia/hpc_sdk/Linux_x86_64/23.9/cuda/12.2/extras/CUPTI/lib64' '-L/opt/nvidia/hpc_sdk/Linux_x86_64/23.9/cuda/12.2/extras/Debugger/lib64' '-L/opt/nvidia/hpc_sdk/Linux_x86_64/23.9/math_libs/12.2/lib64' '-L/opt/cray/pe/dsmml/0.2.2/dsmml//lib' '-L/opt/cray/xpmem/2.6.2-2.5_2.38__gd067c3f.shasta/lib64' '-shared-libgcc' '-dumpdir' 'a-'
COMPILER_PATH=/usr/lib64/gcc/x86_64-suse-linux/12/:/usr/lib64/gcc/x86_64-suse-linux/12/:/usr/lib64/gcc/x86_64-suse-linux/:/usr/lib64/gcc/x86_64-suse-linux/12/:/usr/lib64/gcc/x86_64-suse-linux/:/usr/lib64/gcc/x86_64-suse-linux/12/../../../../x86_64-suse-linux/bin/
LIBRARY_PATH=/usr/lib64/gcc/x86_64-suse-linux/12/:/usr/lib64/gcc/x86_64-suse-linux/12/../../../../lib64/:/lib/../lib64/:/usr/lib/../lib64/:/usr/lib64/gcc/x86_64-suse-linux/12/../../../../x86_64-suse-linux/lib/:/usr/lib64/gcc/x86_64-suse-linux/12/../../../:/lib/:/usr/lib/
COLLECT_GCC_OPTIONS='-march=znver3' '-D' '__CRAY_X86_MILAN' '-D' '__CRAY_NVIDIA80' '-D' '__CRAYXT_COMPUTE_LINUX_TARGET' '-D' '__TARGET_LINUX__' '-v' '-I' '/opt/cray/pe/mpich/8.1.28/ofi/gnu/12.3/include' '-I' '/opt/cray/pe/libsci/23.12.5/GNU/12.3/x86_64/include' '-I' '/opt/nvidia/hpc_sdk/Linux_x86_64/23.9/cuda/12.2/nvvm/include' '-I' '/opt/nvidia/hpc_sdk/Linux_x86_64/23.9/cuda/12.2/extras/CUPTI/include' '-I' '/opt/nvidia/hpc_sdk/Linux_x86_64/23.9/cuda/12.2/extras/Debugger/include' '-I' '/opt/cray/pe/dsmml/0.2.2/dsmml//include' '-I' '/opt/cray/xpmem/2.6.2-2.5_2.38__gd067c3f.shasta/include' '-L/opt/cray/pe/mpich/8.1.28/ofi/gnu/12.3/lib' '-L/opt/cray/pe/mpich/8.1.28/gtl/lib' '-L/opt/cray/pe/libsci/23.12.5/GNU/12.3/x86_64/lib' '-L/opt/nvidia/hpc_sdk/Linux_x86_64/23.9/cuda/12.2/lib64/stubs' '-L/opt/nvidia/hpc_sdk/Linux_x86_64/23.9/cuda/12.2/lib64' '-L/opt/nvidia/hpc_sdk/Linux_x86_64/23.9/cuda/12.2/nvvm/lib64' '-L/opt/nvidia/hpc_sdk/Linux_x86_64/23.9/cuda/12.2/extras/CUPTI/lib64' '-L/opt/nvidia/hpc_sdk/Linux_x86_64/23.9/cuda/12.2/extras/Debugger/lib64' '-L/opt/nvidia/hpc_sdk/Linux_x86_64/23.9/math_libs/12.2/lib64' '-L/opt/cray/pe/dsmml/0.2.2/dsmml//lib' '-L/opt/cray/xpmem/2.6.2-2.5_2.38__gd067c3f.shasta/lib64' '-shared-libgcc' '-dumpdir' 'a.'
 /usr/lib64/gcc/x86_64-suse-linux/12/collect2 -plugin /usr/lib64/gcc/x86_64-suse-linux/12/liblto_plugin.so -plugin-opt=/usr/lib64/gcc/x86_64-suse-linux/12/lto-wrapper -plugin-opt=-fresolution=/tmp/cc8PlGJ9.res -plugin-opt=-pass-through=-lgcc_s -plugin-opt=-pass-through=-lgcc -plugin-opt=-pass-through=-lquadmath -plugin-opt=-pass-through=-lm -plugin-opt=-pass-through=-lgcc_s -plugin-opt=-pass-through=-lgcc -plugin-opt=-pass-through=-lc -plugin-opt=-pass-through=-lgcc_s -plugin-opt=-pass-through=-lgcc --build-id --eh-frame-hdr -m elf_x86_64 -dynamic-linker /lib64/ld-linux-x86-64.so.2 /usr/lib64/gcc/x86_64-suse-linux/12/../../../../lib64/crt1.o /usr/lib64/gcc/x86_64-suse-linux/12/../../../../lib64/crti.o /usr/lib64/gcc/x86_64-suse-linux/12/crtbegin.o -L/opt/cray/pe/mpich/8.1.28/ofi/gnu/12.3/lib -L/opt/cray/pe/mpich/8.1.28/gtl/lib -L/opt/cray/pe/libsci/23.12.5/GNU/12.3/x86_64/lib -L/opt/nvidia/hpc_sdk/Linux_x86_64/23.9/cuda/12.2/lib64/stubs -L/opt/nvidia/hpc_sdk/Linux_x86_64/23.9/cuda/12.2/lib64 -L/opt/nvidia/hpc_sdk/Linux_x86_64/23.9/cuda/12.2/nvvm/lib64 -L/opt/nvidia/hpc_sdk/Linux_x86_64/23.9/cuda/12.2/extras/CUPTI/lib64 -L/opt/nvidia/hpc_sdk/Linux_x86_64/23.9/cuda/12.2/extras/Debugger/lib64 -L/opt/nvidia/hpc_sdk/Linux_x86_64/23.9/math_libs/12.2/lib64 -L/opt/cray/pe/dsmml/0.2.2/dsmml//lib -L/opt/cray/xpmem/2.6.2-2.5_2.38__gd067c3f.shasta/lib64 -L/usr/lib64/gcc/x86_64-suse-linux/12 -L/usr/lib64/gcc/x86_64-suse-linux/12/../../../../lib64 -L/lib/../lib64 -L/usr/lib/../lib64 -L/usr/lib64/gcc/x86_64-suse-linux/12/../../../../x86_64-suse-linux/lib -L/usr/lib64/gcc/x86_64-suse-linux/12/../../.. /tmp/cc1JKOl7.o -Bdynamic --as-needed -lcupti -lcudart --no-as-needed -lcuda --as-needed -lmpifort_gnu_123 --no-as-needed --as-needed -lsci_gnu_123_mpi --no-as-needed --as-needed -lmpi_gnu_123 --no-as-needed -lmpi_gtl_cuda --as-needed -lsci_gnu_123 --no-as-needed -ldl --as-needed -ldsmml --no-as-needed -lxpmem --as-needed -lgfortran -lquadmath --no-as-needed --as-needed -lpthread --no-as-needed --disable-new-dtags -lgfortran -lm -lgcc_s -lgcc -lquadmath -lm -lgcc_s -lgcc -lc -lgcc_s -lgcc /usr/lib64/gcc/x86_64-suse-linux/12/crtend.o /usr/lib64/gcc/x86_64-suse-linux/12/../../../../lib64/crtn.o
COLLECT_GCC_OPTIONS='-march=znver3' '-D' '__CRAY_X86_MILAN' '-D' '__CRAY_NVIDIA80' '-D' '__CRAYXT_COMPUTE_LINUX_TARGET' '-D' '__TARGET_LINUX__' '-v' '-I' '/opt/cray/pe/mpich/8.1.28/ofi/gnu/12.3/include' '-I' '/opt/cray/pe/libsci/23.12.5/GNU/12.3/x86_64/include' '-I' '/opt/nvidia/hpc_sdk/Linux_x86_64/23.9/cuda/12.2/nvvm/include' '-I' '/opt/nvidia/hpc_sdk/Linux_x86_64/23.9/cuda/12.2/extras/CUPTI/include' '-I' '/opt/nvidia/hpc_sdk/Linux_x86_64/23.9/cuda/12.2/extras/Debugger/include' '-I' '/opt/cray/pe/dsmml/0.2.2/dsmml//include' '-I' '/opt/cray/xpmem/2.6.2-2.5_2.38__gd067c3f.shasta/include' '-L/opt/cray/pe/mpich/8.1.28/ofi/gnu/12.3/lib' '-L/opt/cray/pe/mpich/8.1.28/gtl/lib' '-L/opt/cray/pe/libsci/23.12.5/GNU/12.3/x86_64/lib' '-L/opt/nvidia/hpc_sdk/Linux_x86_64/23.9/cuda/12.2/lib64/stubs' '-L/opt/nvidia/hpc_sdk/Linux_x86_64/23.9/cuda/12.2/lib64' '-L/opt/nvidia/hpc_sdk/Linux_x86_64/23.9/cuda/12.2/nvvm/lib64' '-L/opt/nvidia/hpc_sdk/Linux_x86_64/23.9/cuda/12.2/extras/CUPTI/lib64' '-L/opt/nvidia/hpc_sdk/Linux_x86_64/23.9/cuda/12.2/extras/Debugger/lib64' '-L/opt/nvidia/hpc_sdk/Linux_x86_64/23.9/math_libs/12.2/lib64' '-L/opt/cray/pe/dsmml/0.2.2/dsmml//lib' '-L/opt/cray/xpmem/2.6.2-2.5_2.38__gd067c3f.shasta/lib64' '-shared-libgcc' '-dumpdir' 'a.'


Compilation of the Fortran compiler identification source "CMakeFortranCompilerId.F" produced "a.out"

The Fortran compiler identification is GNU, found in "/global/cfs/projectdirs/m1613/huang/IMPACT-T/src/build/CMakeFiles/3.20.4/CompilerIdFortran/a.out"

Detecting Fortran compiler ABI info compiled with the following output:
Change Dir: /global/cfs/projectdirs/m1613/huang/IMPACT-T/src/build/CMakeFiles/CMakeTmp

Run Build Command(s):/usr/bin/gmake -f Makefile cmTC_ab398/fast && /usr/bin/gmake  -f CMakeFiles/cmTC_ab398.dir/build.make CMakeFiles/cmTC_ab398.dir/build
gmake[1]: Entering directory '/global/cfs/cdirs/m1613/huang/IMPACT-T/src/build/CMakeFiles/CMakeTmp'
Building Fortran object CMakeFiles/cmTC_ab398.dir/CMakeFortranCompilerABI.F.o
/opt/cray/pe/craype/2.7.30/bin/ftn   -v -c /usr/share/cmake/Modules/CMakeFortranCompilerABI.F -o CMakeFiles/cmTC_ab398.dir/CMakeFortranCompilerABI.F.o
Using built-in specs.
COLLECT_GCC=gfortran-12
OFFLOAD_TARGET_NAMES=nvptx-none
OFFLOAD_TARGET_DEFAULT=1
Target: x86_64-suse-linux
Configured with: ../configure --prefix=/usr --infodir=/usr/share/info --mandir=/usr/share/man --libdir=/usr/lib64 --libexecdir=/usr/lib64 --enable-languages=c,c++,objc,fortran,obj-c++,ada,go,d --enable-offload-targets=nvptx-none, --enable-offload-defaulted --without-cuda-driver --enable-checking=release --disable-werror --with-gxx-include-dir=/usr/include/c++/12 --enable-ssp --disable-libssp --disable-libvtv --enable-cet=auto --disable-libcc1 --disable-plugin --with-bugurl=https://bugs.opensuse.org/ --with-pkgversion='SUSE Linux' --with-slibdir=/lib64 --with-system-zlib --enable-libstdcxx-allocator=new --disable-libstdcxx-pch --enable-libphobos --enable-version-specific-runtime-libs --with-gcc-major-version-only --enable-linker-build-id --enable-linux-futex --enable-gnu-indirect-function --program-suffix=-12 --without-system-libunwind --enable-multilib --with-arch-32=x86-64 --with-tune=generic --enable-link-serialization --build=x86_64-suse-linux --host=x86_64-suse-linux
Thread model: posix
Supported LTO compression algorithms: zlib
gcc version 12.3.0 (SUSE Linux) 
COLLECT_GCC_OPTIONS='-march=znver3' '-D' '__CRAY_X86_MILAN' '-D' '__CRAY_NVIDIA80' '-D' '__CRAYXT_COMPUTE_LINUX_TARGET' '-D' '__TARGET_LINUX__' '-v' '-c' '-o' 'CMakeFiles/cmTC_ab398.dir/CMakeFortranCompilerABI.F.o' '-I' '/opt/cray/pe/mpich/8.1.28/ofi/gnu/12.3/include' '-I' '/opt/cray/pe/libsci/23.12.5/GNU/12.3/x86_64/include' '-I' '/opt/nvidia/hpc_sdk/Linux_x86_64/23.9/cuda/12.2/nvvm/include' '-I' '/opt/nvidia/hpc_sdk/Linux_x86_64/23.9/cuda/12.2/extras/CUPTI/include' '-I' '/opt/nvidia/hpc_sdk/Linux_x86_64/23.9/cuda/12.2/extras/Debugger/include' '-I' '/opt/cray/pe/dsmml/0.2.2/dsmml//include' '-I' '/opt/cray/xpmem/2.6.2-2.5_2.38__gd067c3f.shasta/include' '-dumpdir' 'CMakeFiles/cmTC_ab398.dir/'
 /usr/lib64/gcc/x86_64-suse-linux/12/f951 /usr/share/cmake/Modules/CMakeFortranCompilerABI.F -ffixed-form -cpp=/tmp/ccqhJCkG.f90 -quiet -v -I /opt/cray/pe/mpich/8.1.28/ofi/gnu/12.3/include -I /opt/cray/pe/libsci/23.12.5/GNU/12.3/x86_64/include -I /opt/nvidia/hpc_sdk/Linux_x86_64/23.9/cuda/12.2/nvvm/include -I /opt/nvidia/hpc_sdk/Linux_x86_64/23.9/cuda/12.2/extras/CUPTI/include -I /opt/nvidia/hpc_sdk/Linux_x86_64/23.9/cuda/12.2/extras/Debugger/include -I /opt/cray/pe/dsmml/0.2.2/dsmml//include -I /opt/cray/xpmem/2.6.2-2.5_2.38__gd067c3f.shasta/include -D __CRAY_X86_MILAN -D __CRAY_NVIDIA80 -D __CRAYXT_COMPUTE_LINUX_TARGET -D __TARGET_LINUX__ /usr/share/cmake/Modules/CMakeFortranCompilerABI.F -quiet -dumpdir CMakeFiles/cmTC_ab398.dir/ -dumpbase CMakeFortranCompilerABI.F.F -dumpbase-ext .F -march=znver3 -version -fintrinsic-modules-path /usr/lib64/gcc/x86_64-suse-linux/12/finclude -fpre-include=/usr/include/finclude/math-vector-fortran.h -o /tmp/ccf2OqyJ.s
GNU Fortran (SUSE Linux) version 12.3.0 (x86_64-suse-linux)
	compiled by GNU C version 12.3.0, GMP version 6.1.2, MPFR version 4.0.2-p6, MPC version 1.1.0, isl version isl-0.18-GMP

GGC heuristics: --param ggc-min-expand=100 --param ggc-min-heapsize=131072
#include "..." search starts here:
#include <...> search starts here:
 /opt/cray/pe/mpich/8.1.28/ofi/gnu/12.3/include
 /opt/cray/pe/libsci/23.12.5/GNU/12.3/x86_64/include
 /opt/nvidia/hpc_sdk/Linux_x86_64/23.9/cuda/12.2/nvvm/include
 /opt/nvidia/hpc_sdk/Linux_x86_64/23.9/cuda/12.2/extras/CUPTI/include
 /opt/nvidia/hpc_sdk/Linux_x86_64/23.9/cuda/12.2/extras/Debugger/include
 /opt/cray/pe/dsmml/0.2.2/dsmml//include
 /opt/cray/xpmem/2.6.2-2.5_2.38__gd067c3f.shasta/include
 /usr/lib64/gcc/x86_64-suse-linux/12/finclude
 /opt/nvidia/hpc_sdk/Linux_x86_64/23.9/math_libs/12.2/include
 /opt/nvidia/hpc_sdk/Linux_x86_64/23.9/cuda/12.2/include
 /usr/lib64/gcc/x86_64-suse-linux/12/include
 /usr/local/include
 /usr/lib64/gcc/x86_64-suse-linux/12/include-fixed
 /usr/lib64/gcc/x86_64-suse-linux/12/../../../../x86_64-suse-linux/include
 /usr/include
End of search list.
GNU Fortran2008 (SUSE Linux) version 12.3.0 (x86_64-suse-linux)
	compiled by GNU C version 12.3.0, GMP version 6.1.2, MPFR version 4.0.2-p6, MPC version 1.1.0, isl version isl-0.18-GMP

GGC heuristics: --param ggc-min-expand=100 --param ggc-min-heapsize=131072
COLLECT_GCC_OPTIONS='-march=znver3' '-D' '__CRAY_X86_MILAN' '-D' '__CRAY_NVIDIA80' '-D' '__CRAYXT_COMPUTE_LINUX_TARGET' '-D' '__TARGET_LINUX__' '-v' '-c' '-o' 'CMakeFiles/cmTC_ab398.dir/CMakeFortranCompilerABI.F.o' '-I' '/opt/cray/pe/mpich/8.1.28/ofi/gnu/12.3/include' '-I' '/opt/cray/pe/libsci/23.12.5/GNU/12.3/x86_64/include' '-I' '/opt/nvidia/hpc_sdk/Linux_x86_64/23.9/cuda/12.2/nvvm/include' '-I' '/opt/nvidia/hpc_sdk/Linux_x86_64/23.9/cuda/12.2/extras/CUPTI/include' '-I' '/opt/nvidia/hpc_sdk/Linux_x86_64/23.9/cuda/12.2/extras/Debugger/include' '-I' '/opt/cray/pe/dsmml/0.2.2/dsmml//include' '-I' '/opt/cray/xpmem/2.6.2-2.5_2.38__gd067c3f.shasta/include' '-dumpdir' 'CMakeFiles/cmTC_ab398.dir/'
 /usr/lib64/gcc/x86_64-suse-linux/12/../../../../x86_64-suse-linux/bin/as -v -I /opt/cray/pe/mpich/8.1.28/ofi/gnu/12.3/include -I /opt/cray/pe/libsci/23.12.5/GNU/12.3/x86_64/include -I /opt/nvidia/hpc_sdk/Linux_x86_64/23.9/cuda/12.2/nvvm/include -I /opt/nvidia/hpc_sdk/Linux_x86_64/23.9/cuda/12.2/extras/CUPTI/include -I /opt/nvidia/hpc_sdk/Linux_x86_64/23.9/cuda/12.2/extras/Debugger/include -I /opt/cray/pe/dsmml/0.2.2/dsmml//include -I /opt/cray/xpmem/2.6.2-2.5_2.38__gd067c3f.shasta/include --64 -o CMakeFiles/cmTC_ab398.dir/CMakeFortranCompilerABI.F.o /tmp/ccf2OqyJ.s
GNU assembler version 2.41.0 (x86_64-suse-linux) using BFD version (GNU Binutils; SUSE Linux Enterprise 15) 2.41.0.20230908-150100.7.46
COMPILER_PATH=/usr/lib64/gcc/x86_64-suse-linux/12/:/usr/lib64/gcc/x86_64-suse-linux/12/:/usr/lib64/gcc/x86_64-suse-linux/:/usr/lib64/gcc/x86_64-suse-linux/12/:/usr/lib64/gcc/x86_64-suse-linux/:/usr/lib64/gcc/x86_64-suse-linux/12/../../../../x86_64-suse-linux/bin/
LIBRARY_PATH=/usr/lib64/gcc/x86_64-suse-linux/12/:/usr/lib64/gcc/x86_64-suse-linux/12/../../../../lib64/:/lib/../lib64/:/usr/lib/../lib64/:/usr/lib64/gcc/x86_64-suse-linux/12/../../../../x86_64-suse-linux/lib/:/usr/lib64/gcc/x86_64-suse-linux/12/../../../:/lib/:/usr/lib/
COLLECT_GCC_OPTIONS='-march=znver3' '-D' '__CRAY_X86_MILAN' '-D' '__CRAY_NVIDIA80' '-D' '__CRAYXT_COMPUTE_LINUX_TARGET' '-D' '__TARGET_LINUX__' '-v' '-c' '-o' 'CMakeFiles/cmTC_ab398.dir/CMakeFortranCompilerABI.F.o' '-I' '/opt/cray/pe/mpich/8.1.28/ofi/gnu/12.3/include' '-I' '/opt/cray/pe/libsci/23.12.5/GNU/12.3/x86_64/include' '-I' '/opt/nvidia/hpc_sdk/Linux_x86_64/23.9/cuda/12.2/nvvm/include' '-I' '/opt/nvidia/hpc_sdk/Linux_x86_64/23.9/cuda/12.2/extras/CUPTI/include' '-I' '/opt/nvidia/hpc_sdk/Linux_x86_64/23.9/cuda/12.2/extras/Debugger/include' '-I' '/opt/cray/pe/dsmml/0.2.2/dsmml//include' '-I' '/opt/cray/xpmem/2.6.2-2.5_2.38__gd067c3f.shasta/include' '-dumpdir' 'CMakeFiles/cmTC_ab398.dir/CMakeFortranCompilerABI.F.'
Linking Fortran executable cmTC_ab398
/usr/bin/cmake -E cmake_link_script CMakeFiles/cmTC_ab398.dir/link.txt --verbose=1
/opt/cray/pe/craype/2.7.30/bin/ftn  -v CMakeFiles/cmTC_ab398.dir/CMakeFortranCompilerABI.F.o -o cmTC_ab398 
Driving: gfortran-12 -march=znver3 -D__CRAY_X86_MILAN -D__CRAY_NVIDIA80 -D__CRAYXT_COMPUTE_LINUX_TARGET -D__TARGET_LINUX__ -v CMakeFiles/cmTC_ab398.dir/CMakeFortranCompilerABI.F.o -o cmTC_ab398 -Wl,-Bdynamic -I/opt/cray/pe/mpich/8.1.28/ofi/gnu/12.3/include -I/opt/cray/pe/libsci/23.12.5/GNU/12.3/x86_64/include -I/opt/nvidia/hpc_sdk/Linux_x86_64/23.9/cuda/12.2/nvvm/include -I/opt/nvidia/hpc_sdk/Linux_x86_64/23.9/cuda/12.2/extras/CUPTI/include -I/opt/nvidia/hpc_sdk/Linux_x86_64/23.9/cuda/12.2/extras/Debugger/include -I/opt/cray/pe/dsmml/0.2.2/dsmml//include -I/opt/cray/xpmem/2.6.2-2.5_2.38__gd067c3f.shasta/include -L/opt/cray/pe/mpich/8.1.28/ofi/gnu/12.3/lib -L/opt/cray/pe/mpich/8.1.28/gtl/lib -L/opt/cray/pe/libsci/23.12.5/GNU/12.3/x86_64/lib -L/opt/nvidia/hpc_sdk/Linux_x86_64/23.9/cuda/12.2/lib64/stubs -L/opt/nvidia/hpc_sdk/Linux_x86_64/23.9/cuda/12.2/lib64 -L/opt/nvidia/hpc_sdk/Linux_x86_64/23.9/cuda/12.2/nvvm/lib64 -L/opt/nvidia/hpc_sdk/Linux_x86_64/23.9/cuda/12.2/extras/CUPTI/lib64 -L/opt/nvidia/hpc_sdk/Linux_x86_64/23.9/cuda/12.2/extras/Debugger/lib64 -L/opt/nvidia/hpc_sdk/Linux_x86_64/23.9/math_libs/12.2/lib64 -L/opt/cray/pe/dsmml/0.2.2/dsmml//lib -L/opt/cray/xpmem/2.6.2-2.5_2.38__gd067c3f.shasta/lib64 -Wl,--as-needed,-lcupti,-lcudart,--no-as-needed -lcuda -Wl,--as-needed,-lmpifort_gnu_123,--no-as-needed -Wl,--as-needed,-lsci_gnu_123_mpi,--no-as-needed -Wl,--as-needed,-lmpi_gnu_123,--no-as-needed -lmpi_gtl_cuda -Wl,--as-needed,-lsci_gnu_123,--no-as-needed -ldl -Wl,--as-needed,-ldsmml,--no-as-needed -lxpmem -Wl,--as-needed,-lgfortran,-lquadmath,--no-as-needed -Wl,--as-needed,-lpthread,--no-as-needed -Wl,--disable-new-dtags -l gfortran -l m -shared-libgcc
Using built-in specs.
COLLECT_GCC=gfortran-12
COLLECT_LTO_WRAPPER=/usr/lib64/gcc/x86_64-suse-linux/12/lto-wrapper
OFFLOAD_TARGET_NAMES=nvptx-none
OFFLOAD_TARGET_DEFAULT=1
Target: x86_64-suse-linux
Configured with: ../configure --prefix=/usr --infodir=/usr/share/info --mandir=/usr/share/man --libdir=/usr/lib64 --libexecdir=/usr/lib64 --enable-languages=c,c++,objc,fortran,obj-c++,ada,go,d --enable-offload-targets=nvptx-none, --enable-offload-defaulted --without-cuda-driver --enable-checking=release --disable-werror --with-gxx-include-dir=/usr/include/c++/12 --enable-ssp --disable-libssp --disable-libvtv --enable-cet=auto --disable-libcc1 --disable-plugin --with-bugurl=https://bugs.opensuse.org/ --with-pkgversion='SUSE Linux' --with-slibdir=/lib64 --with-system-zlib --enable-libstdcxx-allocator=new --disable-libstdcxx-pch --enable-libphobos --enable-version-specific-runtime-libs --with-gcc-major-version-only --enable-linker-build-id --enable-linux-futex --enable-gnu-indirect-function --program-suffix=-12 --without-system-libunwind --enable-multilib --with-arch-32=x86-64 --with-tune=generic --enable-link-serialization --build=x86_64-suse-linux --host=x86_64-suse-linux
Thread model: posix
Supported LTO compression algorithms: zlib
gcc version 12.3.0 (SUSE Linux) 
Reading specs from /usr/lib64/gcc/x86_64-suse-linux/12/libgfortran.spec
rename spec lib to liborig
COLLECT_GCC_OPTIONS='-march=znver3' '-D' '__CRAY_X86_MILAN' '-D' '__CRAY_NVIDIA80' '-D' '__CRAYXT_COMPUTE_LINUX_TARGET' '-D' '__TARGET_LINUX__' '-v' '-o' 'cmTC_ab398' '-I' '/opt/cray/pe/mpich/8.1.28/ofi/gnu/12.3/include' '-I' '/opt/cray/pe/libsci/23.12.5/GNU/12.3/x86_64/include' '-I' '/opt/nvidia/hpc_sdk/Linux_x86_64/23.9/cuda/12.2/nvvm/include' '-I' '/opt/nvidia/hpc_sdk/Linux_x86_64/23.9/cuda/12.2/extras/CUPTI/include' '-I' '/opt/nvidia/hpc_sdk/Linux_x86_64/23.9/cuda/12.2/extras/Debugger/include' '-I' '/opt/cray/pe/dsmml/0.2.2/dsmml//include' '-I' '/opt/cray/xpmem/2.6.2-2.5_2.38__gd067c3f.shasta/include' '-L/opt/cray/pe/mpich/8.1.28/ofi/gnu/12.3/lib' '-L/opt/cray/pe/mpich/8.1.28/gtl/lib' '-L/opt/cray/pe/libsci/23.12.5/GNU/12.3/x86_64/lib' '-L/opt/nvidia/hpc_sdk/Linux_x86_64/23.9/cuda/12.2/lib64/stubs' '-L/opt/nvidia/hpc_sdk/Linux_x86_64/23.9/cuda/12.2/lib64' '-L/opt/nvidia/hpc_sdk/Linux_x86_64/23.9/cuda/12.2/nvvm/lib64' '-L/opt/nvidia/hpc_sdk/Linux_x86_64/23.9/cuda/12.2/extras/CUPTI/lib64' '-L/opt/nvidia/hpc_sdk/Linux_x86_64/23.9/cuda/12.2/extras/Debugger/lib64' '-L/opt/nvidia/hpc_sdk/Linux_x86_64/23.9/math_libs/12.2/lib64' '-L/opt/cray/pe/dsmml/0.2.2/dsmml//lib' '-L/opt/cray/xpmem/2.6.2-2.5_2.38__gd067c3f.shasta/lib64' '-shared-libgcc' '-dumpdir' 'cmTC_ab398-'
COMPILER_PATH=/usr/lib64/gcc/x86_64-suse-linux/12/:/usr/lib64/gcc/x86_64-suse-linux/12/:/usr/lib64/gcc/x86_64-suse-linux/:/usr/lib64/gcc/x86_64-suse-linux/12/:/usr/lib64/gcc/x86_64-suse-linux/:/usr/lib64/gcc/x86_64-suse-linux/12/../../../../x86_64-suse-linux/bin/
LIBRARY_PATH=/usr/lib64/gcc/x86_64-suse-linux/12/:/usr/lib64/gcc/x86_64-suse-linux/12/../../../../lib64/:/lib/../lib64/:/usr/lib/../lib64/:/usr/lib64/gcc/x86_64-suse-linux/12/../../../../x86_64-suse-linux/lib/:/usr/lib64/gcc/x86_64-suse-linux/12/../../../:/lib/:/usr/lib/
COLLECT_GCC_OPTIONS='-march=znver3' '-D' '__CRAY_X86_MILAN' '-D' '__CRAY_NVIDIA80' '-D' '__CRAYXT_COMPUTE_LINUX_TARGET' '-D' '__TARGET_LINUX__' '-v' '-o' 'cmTC_ab398' '-I' '/opt/cray/pe/mpich/8.1.28/ofi/gnu/12.3/include' '-I' '/opt/cray/pe/libsci/23.12.5/GNU/12.3/x86_64/include' '-I' '/opt/nvidia/hpc_sdk/Linux_x86_64/23.9/cuda/12.2/nvvm/include' '-I' '/opt/nvidia/hpc_sdk/Linux_x86_64/23.9/cuda/12.2/extras/CUPTI/include' '-I' '/opt/nvidia/hpc_sdk/Linux_x86_64/23.9/cuda/12.2/extras/Debugger/include' '-I' '/opt/cray/pe/dsmml/0.2.2/dsmml//include' '-I' '/opt/cray/xpmem/2.6.2-2.5_2.38__gd067c3f.shasta/include' '-L/opt/cray/pe/mpich/8.1.28/ofi/gnu/12.3/lib' '-L/opt/cray/pe/mpich/8.1.28/gtl/lib' '-L/opt/cray/pe/libsci/23.12.5/GNU/12.3/x86_64/lib' '-L/opt/nvidia/hpc_sdk/Linux_x86_64/23.9/cuda/12.2/lib64/stubs' '-L/opt/nvidia/hpc_sdk/Linux_x86_64/23.9/cuda/12.2/lib64' '-L/opt/nvidia/hpc_sdk/Linux_x86_64/23.9/cuda/12.2/nvvm/lib64' '-L/opt/nvidia/hpc_sdk/Linux_x86_64/23.9/cuda/12.2/extras/CUPTI/lib64' '-L/opt/nvidia/hpc_sdk/Linux_x86_64/23.9/cuda/12.2/extras/Debugger/lib64' '-L/opt/nvidia/hpc_sdk/Linux_x86_64/23.9/math_libs/12.2/lib64' '-L/opt/cray/pe/dsmml/0.2.2/dsmml//lib' '-L/opt/cray/xpmem/2.6.2-2.5_2.38__gd067c3f.shasta/lib64' '-shared-libgcc' '-dumpdir' 'cmTC_ab398.'
 /usr/lib64/gcc/x86_64-suse-linux/12/collect2 -plugin /usr/lib64/gcc/x86_64-suse-linux/12/liblto_plugin.so -plugin-opt=/usr/lib64/gcc/x86_64-suse-linux/12/lto-wrapper -plugin-opt=-fresolution=/tmp/ccKe4KOw.res -plugin-opt=-pass-through=-lgcc_s -plugin-opt=-pass-through=-lgcc -plugin-opt=-pass-through=-lquadmath -plugin-opt=-pass-through=-lm -plugin-opt=-pass-through=-lgcc_s -plugin-opt=-pass-through=-lgcc -plugin-opt=-pass-through=-lc -plugin-opt=-pass-through=-lgcc_s -plugin-opt=-pass-through=-lgcc --build-id --eh-frame-hdr -m elf_x86_64 -dynamic-linker /lib64/ld-linux-x86-64.so.2 -o cmTC_ab398 /usr/lib64/gcc/x86_64-suse-linux/12/../../../../lib64/crt1.o /usr/lib64/gcc/x86_64-suse-linux/12/../../../../lib64/crti.o /usr/lib64/gcc/x86_64-suse-linux/12/crtbegin.o -L/opt/cray/pe/mpich/8.1.28/ofi/gnu/12.3/lib -L/opt/cray/pe/mpich/8.1.28/gtl/lib -L/opt/cray/pe/libsci/23.12.5/GNU/12.3/x86_64/lib -L/opt/nvidia/hpc_sdk/Linux_x86_64/23.9/cuda/12.2/lib64/stubs -L/opt/nvidia/hpc_sdk/Linux_x86_64/23.9/cuda/12.2/lib64 -L/opt/nvidia/hpc_sdk/Linux_x86_64/23.9/cuda/12.2/nvvm/lib64 -L/opt/nvidia/hpc_sdk/Linux_x86_64/23.9/cuda/12.2/extras/CUPTI/lib64 -L/opt/nvidia/hpc_sdk/Linux_x86_64/23.9/cuda/12.2/extras/Debugger/lib64 -L/opt/nvidia/hpc_sdk/Linux_x86_64/23.9/math_libs/12.2/lib64 -L/opt/cray/pe/dsmml/0.2.2/dsmml//lib -L/opt/cray/xpmem/2.6.2-2.5_2.38__gd067c3f.shasta/lib64 -L/usr/lib64/gcc/x86_64-suse-linux/12 -L/usr/lib64/gcc/x86_64-suse-linux/12/../../../../lib64 -L/lib/../lib64 -L/usr/lib/../lib64 -L/usr/lib64/gcc/x86_64-suse-linux/12/../../../../x86_64-suse-linux/lib -L/usr/lib64/gcc/x86_64-suse-linux/12/../../.. CMakeFiles/cmTC_ab398.dir/CMakeFortranCompilerABI.F.o -Bdynamic --as-needed -lcupti -lcudart --no-as-needed -lcuda --as-needed -lmpifort_gnu_123 --no-as-needed --as-needed -lsci_gnu_123_mpi --no-as-needed --as-needed -lmpi_gnu_123 --no-as-needed -lmpi_gtl_cuda --as-needed -lsci_gnu_123 --no-as-needed -ldl --as-needed -ldsmml --no-as-needed -lxpmem --as-needed -lgfortran -lquadmath --no-as-needed --as-needed -lpthread --no-as-needed --disable-new-dtags -lgfortran -lm -lgcc_s -lgcc -lquadmath -lm -lgcc_s -lgcc -lc -lgcc_s -lgcc /usr/lib64/gcc/x86_64-suse-linux/12/crtend.o /usr/lib64/gcc/x86_64-suse-linux/12/../../../../lib64/crtn.o
COLLECT_GCC_OPTIONS='-march=znver3' '-D' '__CRAY_X86_MILAN' '-D' '__CRAY_NVIDIA80' '-D' '__CRAYXT_COMPUTE_LINUX_TARGET' '-D' '__TARGET_LINUX__' '-v' '-o' 'cmTC_ab398' '-I' '/opt/cray/pe/mpich/8.1.28/ofi/gnu/12.3/include' '-I' '/opt/cray/pe/libsci/23.12.5/GNU/12.3/x86_64/include' '-I' '/opt/nvidia/hpc_sdk/Linux_x86_64/23.9/cuda/12.2/nvvm/include' '-I' '/opt/nvidia/hpc_sdk/Linux_x86_64/23.9/cuda/12.2/extras/CUPTI/include' '-I' '/opt/nvidia/hpc_sdk/Linux_x86_64/23.9/cuda/12.2/extras/Debugger/include' '-I' '/opt/cray/pe/dsmml/0.2.2/dsmml//include' '-I' '/opt/cray/xpmem/2.6.2-2.5_2.38__gd067c3f.shasta/include' '-L/opt/cray/pe/mpich/8.1.28/ofi/gnu/12.3/lib' '-L/opt/cray/pe/mpich/8.1.28/gtl/lib' '-L/opt/cray/pe/libsci/23.12.5/GNU/12.3/x86_64/lib' '-L/opt/nvidia/hpc_sdk/Linux_x86_64/23.9/cuda/12.2/lib64/stubs' '-L/opt/nvidia/hpc_sdk/Linux_x86_64/23.9/cuda/12.2/lib64' '-L/opt/nvidia/hpc_sdk/Linux_x86_64/23.9/cuda/12.2/nvvm/lib64' '-L/opt/nvidia/hpc_sdk/Linux_x86_64/23.9/cuda/12.2/extras/CUPTI/lib64' '-L/opt/nvidia/hpc_sdk/Linux_x86_64/23.9/cuda/12.2/extras/Debugger/lib64' '-L/opt/nvidia/hpc_sdk/Linux_x86_64/23.9/math_libs/12.2/lib64' '-L/opt/cray/pe/dsmml/0.2.2/dsmml//lib' '-L/opt/cray/xpmem/2.6.2-2.5_2.38__gd067c3f.shasta/lib64' '-shared-libgcc' '-dumpdir' 'cmTC_ab398.'
gmake[1]: Leaving directory '/global/cfs/cdirs/m1613/huang/IMPACT-T/src/build/CMakeFiles/CMakeTmp'



Parsed Fortran implicit include dir info from above output: rv=done
  found start of include info
  found start of implicit include info
    add: [/opt/cray/pe/mpich/8.1.28/ofi/gnu/12.3/include]
    add: [/opt/cray/pe/libsci/23.12.5/GNU/12.3/x86_64/include]
    add: [/opt/nvidia/hpc_sdk/Linux_x86_64/23.9/cuda/12.2/nvvm/include]
    add: [/opt/nvidia/hpc_sdk/Linux_x86_64/23.9/cuda/12.2/extras/CUPTI/include]
    add: [/opt/nvidia/hpc_sdk/Linux_x86_64/23.9/cuda/12.2/extras/Debugger/include]
    add: [/opt/cray/pe/dsmml/0.2.2/dsmml//include]
    add: [/opt/cray/xpmem/2.6.2-2.5_2.38__gd067c3f.shasta/include]
    add: [/usr/lib64/gcc/x86_64-suse-linux/12/finclude]
    add: [/opt/nvidia/hpc_sdk/Linux_x86_64/23.9/math_libs/12.2/include]
    add: [/opt/nvidia/hpc_sdk/Linux_x86_64/23.9/cuda/12.2/include]
    add: [/usr/lib64/gcc/x86_64-suse-linux/12/include]
    add: [/usr/local/include]
    add: [/usr/lib64/gcc/x86_64-suse-linux/12/include-fixed]
    add: [/usr/lib64/gcc/x86_64-suse-linux/12/../../../../x86_64-suse-linux/include]
    add: [/usr/include]
  end of search list found
  collapse include dir [/opt/cray/pe/mpich/8.1.28/ofi/gnu/12.3/include] ==> [/opt/cray/pe/mpich/8.1.28/ofi/gnu/12.3/include]
  collapse include dir [/opt/cray/pe/libsci/23.12.5/GNU/12.3/x86_64/include] ==> [/opt/cray/pe/libsci/23.12.5/GNU/12.3/x86_64/include]
  collapse include dir [/opt/nvidia/hpc_sdk/Linux_x86_64/23.9/cuda/12.2/nvvm/include] ==> [/opt/nvidia/hpc_sdk/Linux_x86_64/23.9/cuda/12.2/nvvm/include]
  collapse include dir [/opt/nvidia/hpc_sdk/Linux_x86_64/23.9/cuda/12.2/extras/CUPTI/include] ==> [/opt/nvidia/hpc_sdk/Linux_x86_64/23.9/cuda/12.2/extras/CUPTI/include]
  collapse include dir [/opt/nvidia/hpc_sdk/Linux_x86_64/23.9/cuda/12.2/extras/Debugger/include] ==> [/opt/nvidia/hpc_sdk/Linux_x86_64/23.9/cuda/12.2/extras/Debugger/include]
  collapse include dir [/opt/cray/pe/dsmml/0.2.2/dsmml//include] ==> [/opt/cray/pe/dsmml/0.2.2/dsmml/include]
  collapse include dir [/opt/cray/xpmem/2.6.2-2.5_2.38__gd067c3f.shasta/include] ==> [/opt/cray/xpmem/2.6.2-2.5_2.38__gd067c3f.shasta/include]
  collapse include dir [/usr/lib64/gcc/x86_64-suse-linux/12/finclude] ==> [/usr/lib64/gcc/x86_64-suse-linux/12/finclude]
  collapse include dir [/opt/nvidia/hpc_sdk/Linux_x86_64/23.9/math_libs/12.2/include] ==> [/opt/nvidia/hpc_sdk/Linux_x86_64/23.9/math_libs/12.2/include]
  collapse include dir [/opt/nvidia/hpc_sdk/Linux_x86_64/23.9/cuda/12.2/include] ==> [/opt/nvidia/hpc_sdk/Linux_x86_64/23.9/cuda/12.2/include]
  collapse include dir [/usr/lib64/gcc/x86_64-suse-linux/12/include] ==> [/usr/lib64/gcc/x86_64-suse-linux/12/include]
  collapse include dir [/usr/local/include] ==> [/usr/local/include]
  collapse include dir [/usr/lib64/gcc/x86_64-suse-linux/12/include-fixed] ==> [/usr/lib64/gcc/x86_64-suse-linux/12/include-fixed]
  collapse include dir [/usr/lib64/gcc/x86_64-suse-linux/12/../../../../x86_64-suse-linux/include] ==> [/usr/x86_64-suse-linux/include]
  collapse include dir [/usr/include] ==> [/usr/include]
  implicit include dirs: [/opt/cray/pe/mpich/8.1.28/ofi/gnu/12.3/include;/opt/cray/pe/libsci/23.12.5/GNU/12.3/x86_64/include;/opt/nvidia/hpc_sdk/Linux_x86_64/23.9/cuda/12.2/nvvm/include;/opt/nvidia/hpc_sdk/Linux_x86_64/23.9/cuda/12.2/extras/CUPTI/include;/opt/nvidia/hpc_sdk/Linux_x86_64/23.9/cuda/12.2/extras/Debugger/include;/opt/cray/pe/dsmml/0.2.2/dsmml/include;/opt/cray/xpmem/2.6.2-2.5_2.38__gd067c3f.shasta/include;/usr/lib64/gcc/x86_64-suse-linux/12/finclude;/opt/nvidia/hpc_sdk/Linux_x86_64/23.9/math_libs/12.2/include;/opt/nvidia/hpc_sdk/Linux_x86_64/23.9/cuda/12.2/include;/usr/lib64/gcc/x86_64-suse-linux/12/include;/usr/local/include;/usr/lib64/gcc/x86_64-suse-linux/12/include-fixed;/usr/x86_64-suse-linux/include;/usr/include]


Parsed Fortran implicit link information from above output:
  link line regex: [^( *|.*[/\])(ld|CMAKE_LINK_STARTFILE-NOTFOUND|([^/\]+-)?ld|collect2)[^/\]*( |$)]
  ignore line: [Change Dir: /global/cfs/projectdirs/m1613/huang/IMPACT-T/src/build/CMakeFiles/CMakeTmp]
  ignore line: []
  ignore line: [Run Build Command(s):/usr/bin/gmake -f Makefile cmTC_ab398/fast && /usr/bin/gmake  -f CMakeFiles/cmTC_ab398.dir/build.make CMakeFiles/cmTC_ab398.dir/build]
  ignore line: [gmake[1]: Entering directory '/global/cfs/cdirs/m1613/huang/IMPACT-T/src/build/CMakeFiles/CMakeTmp']
  ignore line: [Building Fortran object CMakeFiles/cmTC_ab398.dir/CMakeFortranCompilerABI.F.o]
  ignore line: [/opt/cray/pe/craype/2.7.30/bin/ftn   -v -c /usr/share/cmake/Modules/CMakeFortranCompilerABI.F -o CMakeFiles/cmTC_ab398.dir/CMakeFortranCompilerABI.F.o]
  ignore line: [Using built-in specs.]
  ignore line: [COLLECT_GCC=gfortran-12]
  ignore line: [OFFLOAD_TARGET_NAMES=nvptx-none]
  ignore line: [OFFLOAD_TARGET_DEFAULT=1]
  ignore line: [Target: x86_64-suse-linux]
  ignore line: [Configured with: ../configure --prefix=/usr --infodir=/usr/share/info --mandir=/usr/share/man --libdir=/usr/lib64 --libexecdir=/usr/lib64 --enable-languages=c c++ objc fortran obj-c++ ada go d --enable-offload-targets=nvptx-none  --enable-offload-defaulted --without-cuda-driver --enable-checking=release --disable-werror --with-gxx-include-dir=/usr/include/c++/12 --enable-ssp --disable-libssp --disable-libvtv --enable-cet=auto --disable-libcc1 --disable-plugin --with-bugurl=https://bugs.opensuse.org/ --with-pkgversion='SUSE Linux' --with-slibdir=/lib64 --with-system-zlib --enable-libstdcxx-allocator=new --disable-libstdcxx-pch --enable-libphobos --enable-version-specific-runtime-libs --with-gcc-major-version-only --enable-linker-build-id --enable-linux-futex --enable-gnu-indirect-function --program-suffix=-12 --without-system-libunwind --enable-multilib --with-arch-32=x86-64 --with-tune=generic --enable-link-serialization --build=x86_64-suse-linux --host=x86_64-suse-linux]
  ignore line: [Thread model: posix]
  ignore line: [Supported LTO compression algorithms: zlib]
  ignore line: [gcc version 12.3.0 (SUSE Linux) ]
  ignore line: [COLLECT_GCC_OPTIONS='-march=znver3' '-D' '__CRAY_X86_MILAN' '-D' '__CRAY_NVIDIA80' '-D' '__CRAYXT_COMPUTE_LINUX_TARGET' '-D' '__TARGET_LINUX__' '-v' '-c' '-o' 'CMakeFiles/cmTC_ab398.dir/CMakeFortranCompilerABI.F.o' '-I' '/opt/cray/pe/mpich/8.1.28/ofi/gnu/12.3/include' '-I' '/opt/cray/pe/libsci/23.12.5/GNU/12.3/x86_64/include' '-I' '/opt/nvidia/hpc_sdk/Linux_x86_64/23.9/cuda/12.2/nvvm/include' '-I' '/opt/nvidia/hpc_sdk/Linux_x86_64/23.9/cuda/12.2/extras/CUPTI/include' '-I' '/opt/nvidia/hpc_sdk/Linux_x86_64/23.9/cuda/12.2/extras/Debugger/include' '-I' '/opt/cray/pe/dsmml/0.2.2/dsmml//include' '-I' '/opt/cray/xpmem/2.6.2-2.5_2.38__gd067c3f.shasta/include' '-dumpdir' 'CMakeFiles/cmTC_ab398.dir/']
  ignore line: [ /usr/lib64/gcc/x86_64-suse-linux/12/f951 /usr/share/cmake/Modules/CMakeFortranCompilerABI.F -ffixed-form -cpp=/tmp/ccqhJCkG.f90 -quiet -v -I /opt/cray/pe/mpich/8.1.28/ofi/gnu/12.3/include -I /opt/cray/pe/libsci/23.12.5/GNU/12.3/x86_64/include -I /opt/nvidia/hpc_sdk/Linux_x86_64/23.9/cuda/12.2/nvvm/include -I /opt/nvidia/hpc_sdk/Linux_x86_64/23.9/cuda/12.2/extras/CUPTI/include -I /opt/nvidia/hpc_sdk/Linux_x86_64/23.9/cuda/12.2/extras/Debugger/include -I /opt/cray/pe/dsmml/0.2.2/dsmml//include -I /opt/cray/xpmem/2.6.2-2.5_2.38__gd067c3f.shasta/include -D __CRAY_X86_MILAN -D __CRAY_NVIDIA80 -D __CRAYXT_COMPUTE_LINUX_TARGET -D __TARGET_LINUX__ /usr/share/cmake/Modules/CMakeFortranCompilerABI.F -quiet -dumpdir CMakeFiles/cmTC_ab398.dir/ -dumpbase CMakeFortranCompilerABI.F.F -dumpbase-ext .F -march=znver3 -version -fintrinsic-modules-path /usr/lib64/gcc/x86_64-suse-linux/12/finclude -fpre-include=/usr/include/finclude/math-vector-fortran.h -o /tmp/ccf2OqyJ.s]
  ignore line: [GNU Fortran (SUSE Linux) version 12.3.0 (x86_64-suse-linux)]
  ignore line: [	compiled by GNU C version 12.3.0  GMP version 6.1.2  MPFR version 4.0.2-p6  MPC version 1.1.0  isl version isl-0.18-GMP]
  ignore line: []
  ignore line: [GGC heuristics: --param ggc-min-expand=100 --param ggc-min-heapsize=131072]
  ignore line: [#include "..." search starts here:]
  ignore line: [#include <...> search starts here:]
  ignore line: [ /opt/cray/pe/mpich/8.1.28/ofi/gnu/12.3/include]
  ignore line: [ /opt/cray/pe/libsci/23.12.5/GNU/12.3/x86_64/include]
  ignore line: [ /opt/nvidia/hpc_sdk/Linux_x86_64/23.9/cuda/12.2/nvvm/include]
  ignore line: [ /opt/nvidia/hpc_sdk/Linux_x86_64/23.9/cuda/12.2/extras/CUPTI/include]
  ignore line: [ /opt/nvidia/hpc_sdk/Linux_x86_64/23.9/cuda/12.2/extras/Debugger/include]
  ignore line: [ /opt/cray/pe/dsmml/0.2.2/dsmml//include]
  ignore line: [ /opt/cray/xpmem/2.6.2-2.5_2.38__gd067c3f.shasta/include]
  ignore line: [ /usr/lib64/gcc/x86_64-suse-linux/12/finclude]
  ignore line: [ /opt/nvidia/hpc_sdk/Linux_x86_64/23.9/math_libs/12.2/include]
  ignore line: [ /opt/nvidia/hpc_sdk/Linux_x86_64/23.9/cuda/12.2/include]
  ignore line: [ /usr/lib64/gcc/x86_64-suse-linux/12/include]
  ignore line: [ /usr/local/include]
  ignore line: [ /usr/lib64/gcc/x86_64-suse-linux/12/include-fixed]
  ignore line: [ /usr/lib64/gcc/x86_64-suse-linux/12/../../../../x86_64-suse-linux/include]
  ignore line: [ /usr/include]
  ignore line: [End of search list.]
  ignore line: [GNU Fortran2008 (SUSE Linux) version 12.3.0 (x86_64-suse-linux)]
  ignore line: [	compiled by GNU C version 12.3.0  GMP version 6.1.2  MPFR version 4.0.2-p6  MPC version 1.1.0  isl version isl-0.18-GMP]
  ignore line: []
  ignore line: [GGC heuristics: --param ggc-min-expand=100 --param ggc-min-heapsize=131072]
  ignore line: [COLLECT_GCC_OPTIONS='-march=znver3' '-D' '__CRAY_X86_MILAN' '-D' '__CRAY_NVIDIA80' '-D' '__CRAYXT_COMPUTE_LINUX_TARGET' '-D' '__TARGET_LINUX__' '-v' '-c' '-o' 'CMakeFiles/cmTC_ab398.dir/CMakeFortranCompilerABI.F.o' '-I' '/opt/cray/pe/mpich/8.1.28/ofi/gnu/12.3/include' '-I' '/opt/cray/pe/libsci/23.12.5/GNU/12.3/x86_64/include' '-I' '/opt/nvidia/hpc_sdk/Linux_x86_64/23.9/cuda/12.2/nvvm/include' '-I' '/opt/nvidia/hpc_sdk/Linux_x86_64/23.9/cuda/12.2/extras/CUPTI/include' '-I' '/opt/nvidia/hpc_sdk/Linux_x86_64/23.9/cuda/12.2/extras/Debugger/include' '-I' '/opt/cray/pe/dsmml/0.2.2/dsmml//include' '-I' '/opt/cray/xpmem/2.6.2-2.5_2.38__gd067c3f.shasta/include' '-dumpdir' 'CMakeFiles/cmTC_ab398.dir/']
  ignore line: [ /usr/lib64/gcc/x86_64-suse-linux/12/../../../../x86_64-suse-linux/bin/as -v -I /opt/cray/pe/mpich/8.1.28/ofi/gnu/12.3/include -I /opt/cray/pe/libsci/23.12.5/GNU/12.3/x86_64/include -I /opt/nvidia/hpc_sdk/Linux_x86_64/23.9/cuda/12.2/nvvm/include -I /opt/nvidia/hpc_sdk/Linux_x86_64/23.9/cuda/12.2/extras/CUPTI/include -I /opt/nvidia/hpc_sdk/Linux_x86_64/23.9/cuda/12.2/extras/Debugger/include -I /opt/cray/pe/dsmml/0.2.2/dsmml//include -I /opt/cray/xpmem/2.6.2-2.5_2.38__gd067c3f.shasta/include --64 -o CMakeFiles/cmTC_ab398.dir/CMakeFortranCompilerABI.F.o /tmp/ccf2OqyJ.s]
  ignore line: [GNU assembler version 2.41.0 (x86_64-suse-linux) using BFD version (GNU Binutils]
  ignore line: [ SUSE Linux Enterprise 15) 2.41.0.20230908-150100.7.46]
  ignore line: [COMPILER_PATH=/usr/lib64/gcc/x86_64-suse-linux/12/:/usr/lib64/gcc/x86_64-suse-linux/12/:/usr/lib64/gcc/x86_64-suse-linux/:/usr/lib64/gcc/x86_64-suse-linux/12/:/usr/lib64/gcc/x86_64-suse-linux/:/usr/lib64/gcc/x86_64-suse-linux/12/../../../../x86_64-suse-linux/bin/]
  ignore line: [LIBRARY_PATH=/usr/lib64/gcc/x86_64-suse-linux/12/:/usr/lib64/gcc/x86_64-suse-linux/12/../../../../lib64/:/lib/../lib64/:/usr/lib/../lib64/:/usr/lib64/gcc/x86_64-suse-linux/12/../../../../x86_64-suse-linux/lib/:/usr/lib64/gcc/x86_64-suse-linux/12/../../../:/lib/:/usr/lib/]
  ignore line: [COLLECT_GCC_OPTIONS='-march=znver3' '-D' '__CRAY_X86_MILAN' '-D' '__CRAY_NVIDIA80' '-D' '__CRAYXT_COMPUTE_LINUX_TARGET' '-D' '__TARGET_LINUX__' '-v' '-c' '-o' 'CMakeFiles/cmTC_ab398.dir/CMakeFortranCompilerABI.F.o' '-I' '/opt/cray/pe/mpich/8.1.28/ofi/gnu/12.3/include' '-I' '/opt/cray/pe/libsci/23.12.5/GNU/12.3/x86_64/include' '-I' '/opt/nvidia/hpc_sdk/Linux_x86_64/23.9/cuda/12.2/nvvm/include' '-I' '/opt/nvidia/hpc_sdk/Linux_x86_64/23.9/cuda/12.2/extras/CUPTI/include' '-I' '/opt/nvidia/hpc_sdk/Linux_x86_64/23.9/cuda/12.2/extras/Debugger/include' '-I' '/opt/cray/pe/dsmml/0.2.2/dsmml//include' '-I' '/opt/cray/xpmem/2.6.2-2.5_2.38__gd067c3f.shasta/include' '-dumpdir' 'CMakeFiles/cmTC_ab398.dir/CMakeFortranCompilerABI.F.']
  ignore line: [Linking Fortran executable cmTC_ab398]
  ignore line: [/usr/bin/cmake -E cmake_link_script CMakeFiles/cmTC_ab398.dir/link.txt --verbose=1]
  ignore line: [/opt/cray/pe/craype/2.7.30/bin/ftn  -v CMakeFiles/cmTC_ab398.dir/CMakeFortranCompilerABI.F.o -o cmTC_ab398 ]
  ignore line: [Driving: gfortran-12 -march=znver3 -D__CRAY_X86_MILAN -D__CRAY_NVIDIA80 -D__CRAYXT_COMPUTE_LINUX_TARGET -D__TARGET_LINUX__ -v CMakeFiles/cmTC_ab398.dir/CMakeFortranCompilerABI.F.o -o cmTC_ab398 -Wl,-Bdynamic -I/opt/cray/pe/mpich/8.1.28/ofi/gnu/12.3/include -I/opt/cray/pe/libsci/23.12.5/GNU/12.3/x86_64/include -I/opt/nvidia/hpc_sdk/Linux_x86_64/23.9/cuda/12.2/nvvm/include -I/opt/nvidia/hpc_sdk/Linux_x86_64/23.9/cuda/12.2/extras/CUPTI/include -I/opt/nvidia/hpc_sdk/Linux_x86_64/23.9/cuda/12.2/extras/Debugger/include -I/opt/cray/pe/dsmml/0.2.2/dsmml//include -I/opt/cray/xpmem/2.6.2-2.5_2.38__gd067c3f.shasta/include -L/opt/cray/pe/mpich/8.1.28/ofi/gnu/12.3/lib -L/opt/cray/pe/mpich/8.1.28/gtl/lib -L/opt/cray/pe/libsci/23.12.5/GNU/12.3/x86_64/lib -L/opt/nvidia/hpc_sdk/Linux_x86_64/23.9/cuda/12.2/lib64/stubs -L/opt/nvidia/hpc_sdk/Linux_x86_64/23.9/cuda/12.2/lib64 -L/opt/nvidia/hpc_sdk/Linux_x86_64/23.9/cuda/12.2/nvvm/lib64 -L/opt/nvidia/hpc_sdk/Linux_x86_64/23.9/cuda/12.2/extras/CUPTI/lib64 -L/opt/nvidia/hpc_sdk/Linux_x86_64/23.9/cuda/12.2/extras/Debugger/lib64 -L/opt/nvidia/hpc_sdk/Linux_x86_64/23.9/math_libs/12.2/lib64 -L/opt/cray/pe/dsmml/0.2.2/dsmml//lib -L/opt/cray/xpmem/2.6.2-2.5_2.38__gd067c3f.shasta/lib64 -Wl,--as-needed,-lcupti,-lcudart,--no-as-needed -lcuda -Wl,--as-needed,-lmpifort_gnu_123,--no-as-needed -Wl,--as-needed,-lsci_gnu_123_mpi,--no-as-needed -Wl,--as-needed,-lmpi_gnu_123,--no-as-needed -lmpi_gtl_cuda -Wl,--as-needed,-lsci_gnu_123,--no-as-needed -ldl -Wl,--as-needed,-ldsmml,--no-as-needed -lxpmem -Wl,--as-needed,-lgfortran,-lquadmath,--no-as-needed -Wl,--as-needed,-lpthread,--no-as-needed -Wl,--disable-new-dtags -l gfortran -l m -shared-libgcc]
  ignore line: [Using built-in specs.]
  ignore line: [COLLECT_GCC=gfortran-12]
  ignore line: [COLLECT_LTO_WRAPPER=/usr/lib64/gcc/x86_64-suse-linux/12/lto-wrapper]
  ignore line: [OFFLOAD_TARGET_NAMES=nvptx-none]
  ignore line: [OFFLOAD_TARGET_DEFAULT=1]
  ignore line: [Target: x86_64-suse-linux]
  ignore line: [Configured with: ../configure --prefix=/usr --infodir=/usr/share/info --mandir=/usr/share/man --libdir=/usr/lib64 --libexecdir=/usr/lib64 --enable-languages=c c++ objc fortran obj-c++ ada go d --enable-offload-targets=nvptx-none  --enable-offload-defaulted --without-cuda-driver --enable-checking=release --disable-werror --with-gxx-include-dir=/usr/include/c++/12 --enable-ssp --disable-libssp --disable-libvtv --enable-cet=auto --disable-libcc1 --disable-plugin --with-bugurl=https://bugs.opensuse.org/ --with-pkgversion='SUSE Linux' --with-slibdir=/lib64 --with-system-zlib --enable-libstdcxx-allocator=new --disable-libstdcxx-pch --enable-libphobos --enable-version-specific-runtime-libs --with-gcc-major-version-only --enable-linker-build-id --enable-linux-futex --enable-gnu-indirect-function --program-suffix=-12 --without-system-libunwind --enable-multilib --with-arch-32=x86-64 --with-tune=generic --enable-link-serialization --build=x86_64-suse-linux --host=x86_64-suse-linux]
  ignore line: [Thread model: posix]
  ignore line: [Supported LTO compression algorithms: zlib]
  ignore line: [gcc version 12.3.0 (SUSE Linux) ]
  ignore line: [Reading specs from /usr/lib64/gcc/x86_64-suse-linux/12/libgfortran.spec]
  ignore line: [rename spec lib to liborig]
  ignore line: [COLLECT_GCC_OPTIONS='-march=znver3' '-D' '__CRAY_X86_MILAN' '-D' '__CRAY_NVIDIA80' '-D' '__CRAYXT_COMPUTE_LINUX_TARGET' '-D' '__TARGET_LINUX__' '-v' '-o' 'cmTC_ab398' '-I' '/opt/cray/pe/mpich/8.1.28/ofi/gnu/12.3/include' '-I' '/opt/cray/pe/libsci/23.12.5/GNU/12.3/x86_64/include' '-I' '/opt/nvidia/hpc_sdk/Linux_x86_64/23.9/cuda/12.2/nvvm/include' '-I' '/opt/nvidia/hpc_sdk/Linux_x86_64/23.9/cuda/12.2/extras/CUPTI/include' '-I' '/opt/nvidia/hpc_sdk/Linux_x86_64/23.9/cuda/12.2/extras/Debugger/include' '-I' '/opt/cray/pe/dsmml/0.2.2/dsmml//include' '-I' '/opt/cray/xpmem/2.6.2-2.5_2.38__gd067c3f.shasta/include' '-L/opt/cray/pe/mpich/8.1.28/ofi/gnu/12.3/lib' '-L/opt/cray/pe/mpich/8.1.28/gtl/lib' '-L/opt/cray/pe/libsci/23.12.5/GNU/12.3/x86_64/lib' '-L/opt/nvidia/hpc_sdk/Linux_x86_64/23.9/cuda/12.2/lib64/stubs' '-L/opt/nvidia/hpc_sdk/Linux_x86_64/23.9/cuda/12.2/lib64' '-L/opt/nvidia/hpc_sdk/Linux_x86_64/23.9/cuda/12.2/nvvm/lib64' '-L/opt/nvidia/hpc_sdk/Linux_x86_64/23.9/cuda/12.2/extras/CUPTI/lib64' '-L/opt/nvidia/hpc_sdk/Linux_x86_64/23.9/cuda/12.2/extras/Debugger/lib64' '-L/opt/nvidia/hpc_sdk/Linux_x86_64/23.9/math_libs/12.2/lib64' '-L/opt/cray/pe/dsmml/0.2.2/dsmml//lib' '-L/opt/cray/xpmem/2.6.2-2.5_2.38__gd067c3f.shasta/lib64' '-shared-libgcc' '-dumpdir' 'cmTC_ab398-']
  ignore line: [COMPILER_PATH=/usr/lib64/gcc/x86_64-suse-linux/12/:/usr/lib64/gcc/x86_64-suse-linux/12/:/usr/lib64/gcc/x86_64-suse-linux/:/usr/lib64/gcc/x86_64-suse-linux/12/:/usr/lib64/gcc/x86_64-suse-linux/:/usr/lib64/gcc/x86_64-suse-linux/12/../../../../x86_64-suse-linux/bin/]
  ignore line: [LIBRARY_PATH=/usr/lib64/gcc/x86_64-suse-linux/12/:/usr/lib64/gcc/x86_64-suse-linux/12/../../../../lib64/:/lib/../lib64/:/usr/lib/../lib64/:/usr/lib64/gcc/x86_64-suse-linux/12/../../../../x86_64-suse-linux/lib/:/usr/lib64/gcc/x86_64-suse-linux/12/../../../:/lib/:/usr/lib/]
  ignore line: [COLLECT_GCC_OPTIONS='-march=znver3' '-D' '__CRAY_X86_MILAN' '-D' '__CRAY_NVIDIA80' '-D' '__CRAYXT_COMPUTE_LINUX_TARGET' '-D' '__TARGET_LINUX__' '-v' '-o' 'cmTC_ab398' '-I' '/opt/cray/pe/mpich/8.1.28/ofi/gnu/12.3/include' '-I' '/opt/cray/pe/libsci/23.12.5/GNU/12.3/x86_64/include' '-I' '/opt/nvidia/hpc_sdk/Linux_x86_64/23.9/cuda/12.2/nvvm/include' '-I' '/opt/nvidia/hpc_sdk/Linux_x86_64/23.9/cuda/12.2/extras/CUPTI/include' '-I' '/opt/nvidia/hpc_sdk/Linux_x86_64/23.9/cuda/12.2/extras/Debugger/include' '-I' '/opt/cray/pe/dsmml/0.2.2/dsmml//include' '-I' '/opt/cray/xpmem/2.6.2-2.5_2.38__gd067c3f.shasta/include' '-L/opt/cray/pe/mpich/8.1.28/ofi/gnu/12.3/lib' '-L/opt/cray/pe/mpich/8.1.28/gtl/lib' '-L/opt/cray/pe/libsci/23.12.5/GNU/12.3/x86_64/lib' '-L/opt/nvidia/hpc_sdk/Linux_x86_64/23.9/cuda/12.2/lib64/stubs' '-L/opt/nvidia/hpc_sdk/Linux_x86_64/23.9/cuda/12.2/lib64' '-L/opt/nvidia/hpc_sdk/Linux_x86_64/23.9/cuda/12.2/nvvm/lib64' '-L/opt/nvidia/hpc_sdk/Linux_x86_64/23.9/cuda/12.2/extras/CUPTI/lib64' '-L/opt/nvidia/hpc_sdk/Linux_x86_64/23.9/cuda/12.2/extras/Debugger/lib64' '-L/opt/nvidia/hpc_sdk/Linux_x86_64/23.9/math_libs/12.2/lib64' '-L/opt/cray/pe/dsmml/0.2.2/dsmml//lib' '-L/opt/cray/xpmem/2.6.2-2.5_2.38__gd067c3f.shasta/lib64' '-shared-libgcc' '-dumpdir' 'cmTC_ab398.']
  link line: [ /usr/lib64/gcc/x86_64-suse-linux/12/collect2 -plugin /usr/lib64/gcc/x86_64-suse-linux/12/liblto_plugin.so -plugin-opt=/usr/lib64/gcc/x86_64-suse-linux/12/lto-wrapper -plugin-opt=-fresolution=/tmp/ccKe4KOw.res -plugin-opt=-pass-through=-lgcc_s -plugin-opt=-pass-through=-lgcc -plugin-opt=-pass-through=-lquadmath -plugin-opt=-pass-through=-lm -plugin-opt=-pass-through=-lgcc_s -plugin-opt=-pass-through=-lgcc -plugin-opt=-pass-through=-lc -plugin-opt=-pass-through=-lgcc_s -plugin-opt=-pass-through=-lgcc --build-id --eh-frame-hdr -m elf_x86_64 -dynamic-linker /lib64/ld-linux-x86-64.so.2 -o cmTC_ab398 /usr/lib64/gcc/x86_64-suse-linux/12/../../../../lib64/crt1.o /usr/lib64/gcc/x86_64-suse-linux/12/../../../../lib64/crti.o /usr/lib64/gcc/x86_64-suse-linux/12/crtbegin.o -L/opt/cray/pe/mpich/8.1.28/ofi/gnu/12.3/lib -L/opt/cray/pe/mpich/8.1.28/gtl/lib -L/opt/cray/pe/libsci/23.12.5/GNU/12.3/x86_64/lib -L/opt/nvidia/hpc_sdk/Linux_x86_64/23.9/cuda/12.2/lib64/stubs -L/opt/nvidia/hpc_sdk/Linux_x86_64/23.9/cuda/12.2/lib64 -L/opt/nvidia/hpc_sdk/Linux_x86_64/23.9/cuda/12.2/nvvm/lib64 -L/opt/nvidia/hpc_sdk/Linux_x86_64/23.9/cuda/12.2/extras/CUPTI/lib64 -L/opt/nvidia/hpc_sdk/Linux_x86_64/23.9/cuda/12.2/extras/Debugger/lib64 -L/opt/nvidia/hpc_sdk/Linux_x86_64/23.9/math_libs/12.2/lib64 -L/opt/cray/pe/dsmml/0.2.2/dsmml//lib -L/opt/cray/xpmem/2.6.2-2.5_2.38__gd067c3f.shasta/lib64 -L/usr/lib64/gcc/x86_64-suse-linux/12 -L/usr/lib64/gcc/x86_64-suse-linux/12/../../../../lib64 -L/lib/../lib64 -L/usr/lib/../lib64 -L/usr/lib64/gcc/x86_64-suse-linux/12/../../../../x86_64-suse-linux/lib -L/usr/lib64/gcc/x86_64-suse-linux/12/../../.. CMakeFiles/cmTC_ab398.dir/CMakeFortranCompilerABI.F.o -Bdynamic --as-needed -lcupti -lcudart --no-as-needed -lcuda --as-needed -lmpifort_gnu_123 --no-as-needed --as-needed -lsci_gnu_123_mpi --no-as-needed --as-needed -lmpi_gnu_123 --no-as-needed -lmpi_gtl_cuda --as-needed -lsci_gnu_123 --no-as-needed -ldl --as-needed -ldsmml --no-as-needed -lxpmem --as-needed -lgfortran -lquadmath --no-as-needed --as-needed -lpthread --no-as-needed --disable-new-dtags -lgfortran -lm -lgcc_s -lgcc -lquadmath -lm -lgcc_s -lgcc -lc -lgcc_s -lgcc /usr/lib64/gcc/x86_64-suse-linux/12/crtend.o /usr/lib64/gcc/x86_64-suse-linux/12/../../../../lib64/crtn.o]
    arg [/usr/lib64/gcc/x86_64-suse-linux/12/collect2] ==> ignore
    arg [-plugin] ==> ignore
    arg [/usr/lib64/gcc/x86_64-suse-linux/12/liblto_plugin.so] ==> ignore
    arg [-plugin-opt=/usr/lib64/gcc/x86_64-suse-linux/12/lto-wrapper] ==> ignore
    arg [-plugin-opt=-fresolution=/tmp/ccKe4KOw.res] ==> ignore
    arg [-plugin-opt=-pass-through=-lgcc_s] ==> ignore
    arg [-plugin-opt=-pass-through=-lgcc] ==> ignore
    arg [-plugin-opt=-pass-through=-lquadmath] ==> ignore
    arg [-plugin-opt=-pass-through=-lm] ==> ignore
    arg [-plugin-opt=-pass-through=-lgcc_s] ==> ignore
    arg [-plugin-opt=-pass-through=-lgcc] ==> ignore
    arg [-plugin-opt=-pass-through=-lc] ==> ignore
    arg [-plugin-opt=-pass-through=-lgcc_s] ==> ignore
    arg [-plugin-opt=-pass-through=-lgcc] ==> ignore
    arg [--build-id] ==> ignore
    arg [--eh-frame-hdr] ==> ignore
    arg [-m] ==> ignore
    arg [elf_x86_64] ==> ignore
    arg [-dynamic-linker] ==> ignore
    arg [/lib64/ld-linux-x86-64.so.2] ==> ignore
    arg [-o] ==> ignore
    arg [cmTC_ab398] ==> ignore
    arg [/usr/lib64/gcc/x86_64-suse-linux/12/../../../../lib64/crt1.o] ==> obj [/usr/lib64/gcc/x86_64-suse-linux/12/../../../../lib64/crt1.o]
    arg [/usr/lib64/gcc/x86_64-suse-linux/12/../../../../lib64/crti.o] ==> obj [/usr/lib64/gcc/x86_64-suse-linux/12/../../../../lib64/crti.o]
    arg [/usr/lib64/gcc/x86_64-suse-linux/12/crtbegin.o] ==> obj [/usr/lib64/gcc/x86_64-suse-linux/12/crtbegin.o]
    arg [-L/opt/cray/pe/mpich/8.1.28/ofi/gnu/12.3/lib] ==> dir [/opt/cray/pe/mpich/8.1.28/ofi/gnu/12.3/lib]
    arg [-L/opt/cray/pe/mpich/8.1.28/gtl/lib] ==> dir [/opt/cray/pe/mpich/8.1.28/gtl/lib]
    arg [-L/opt/cray/pe/libsci/23.12.5/GNU/12.3/x86_64/lib] ==> dir [/opt/cray/pe/libsci/23.12.5/GNU/12.3/x86_64/lib]
    arg [-L/opt/nvidia/hpc_sdk/Linux_x86_64/23.9/cuda/12.2/lib64/stubs] ==> dir [/opt/nvidia/hpc_sdk/Linux_x86_64/23.9/cuda/12.2/lib64/stubs]
    arg [-L/opt/nvidia/hpc_sdk/Linux_x86_64/23.9/cuda/12.2/lib64] ==> dir [/opt/nvidia/hpc_sdk/Linux_x86_64/23.9/cuda/12.2/lib64]
    arg [-L/opt/nvidia/hpc_sdk/Linux_x86_64/23.9/cuda/12.2/nvvm/lib64] ==> dir [/opt/nvidia/hpc_sdk/Linux_x86_64/23.9/cuda/12.2/nvvm/lib64]
    arg [-L/opt/nvidia/hpc_sdk/Linux_x86_64/23.9/cuda/12.2/extras/CUPTI/lib64] ==> dir [/opt/nvidia/hpc_sdk/Linux_x86_64/23.9/cuda/12.2/extras/CUPTI/lib64]
    arg [-L/opt/nvidia/hpc_sdk/Linux_x86_64/23.9/cuda/12.2/extras/Debugger/lib64] ==> dir [/opt/nvidia/hpc_sdk/Linux_x86_64/23.9/cuda/12.2/extras/Debugger/lib64]
    arg [-L/opt/nvidia/hpc_sdk/Linux_x86_64/23.9/math_libs/12.2/lib64] ==> dir [/opt/nvidia/hpc_sdk/Linux_x86_64/23.9/math_libs/12.2/lib64]
    arg [-L/opt/cray/pe/dsmml/0.2.2/dsmml//lib] ==> dir [/opt/cray/pe/dsmml/0.2.2/dsmml//lib]
    arg [-L/opt/cray/xpmem/2.6.2-2.5_2.38__gd067c3f.shasta/lib64] ==> dir [/opt/cray/xpmem/2.6.2-2.5_2.38__gd067c3f.shasta/lib64]
    arg [-L/usr/lib64/gcc/x86_64-suse-linux/12] ==> dir [/usr/lib64/gcc/x86_64-suse-linux/12]
    arg [-L/usr/lib64/gcc/x86_64-suse-linux/12/../../../../lib64] ==> dir [/usr/lib64/gcc/x86_64-suse-linux/12/../../../../lib64]
    arg [-L/lib/../lib64] ==> dir [/lib/../lib64]
    arg [-L/usr/lib/../lib64] ==> dir [/usr/lib/../lib64]
    arg [-L/usr/lib64/gcc/x86_64-suse-linux/12/../../../../x86_64-suse-linux/lib] ==> dir [/usr/lib64/gcc/x86_64-suse-linux/12/../../../../x86_64-suse-linux/lib]
    arg [-L/usr/lib64/gcc/x86_64-suse-linux/12/../../..] ==> dir [/usr/lib64/gcc/x86_64-suse-linux/12/../../..]
    arg [CMakeFiles/cmTC_ab398.dir/CMakeFortranCompilerABI.F.o] ==> ignore
    arg [-Bdynamic] ==> ignore
    arg [--as-needed] ==> ignore
    arg [-lcupti] ==> lib [cupti]
    arg [-lcudart] ==> lib [cudart]
    arg [--no-as-needed] ==> ignore
    arg [-lcuda] ==> lib [cuda]
    arg [--as-needed] ==> ignore
    arg [-lmpifort_gnu_123] ==> lib [mpifort_gnu_123]
    arg [--no-as-needed] ==> ignore
    arg [--as-needed] ==> ignore
    arg [-lsci_gnu_123_mpi] ==> lib [sci_gnu_123_mpi]
    arg [--no-as-needed] ==> ignore
    arg [--as-needed] ==> ignore
    arg [-lmpi_gnu_123] ==> lib [mpi_gnu_123]
    arg [--no-as-needed] ==> ignore
    arg [-lmpi_gtl_cuda] ==> lib [mpi_gtl_cuda]
    arg [--as-needed] ==> ignore
    arg [-lsci_gnu_123] ==> lib [sci_gnu_123]
    arg [--no-as-needed] ==> ignore
    arg [-ldl] ==> lib [dl]
    arg [--as-needed] ==> ignore
    arg [-ldsmml] ==> lib [dsmml]
    arg [--no-as-needed] ==> ignore
    arg [-lxpmem] ==> lib [xpmem]
    arg [--as-needed] ==> ignore
    arg [-lgfortran] ==> lib [gfortran]
    arg [-lquadmath] ==> lib [quadmath]
    arg [--no-as-needed] ==> ignore
    arg [--as-needed] ==> ignore
    arg [-lpthread] ==> lib [pthread]
    arg [--no-as-needed] ==> ignore
    arg [--disable-new-dtags] ==> ignore
    arg [-lgfortran] ==> lib [gfortran]
    arg [-lm] ==> lib [m]
    arg [-lgcc_s] ==> lib [gcc_s]
    arg [-lgcc] ==> lib [gcc]
    arg [-lquadmath] ==> lib [quadmath]
    arg [-lm] ==> lib [m]
    arg [-lgcc_s] ==> lib [gcc_s]
    arg [-lgcc] ==> lib [gcc]
    arg [-lc] ==> lib [c]
    arg [-lgcc_s] ==> lib [gcc_s]
    arg [-lgcc] ==> lib [gcc]
    arg [/usr/lib64/gcc/x86_64-suse-linux/12/crtend.o] ==> obj [/usr/lib64/gcc/x86_64-suse-linux/12/crtend.o]
    arg [/usr/lib64/gcc/x86_64-suse-linux/12/../../../../lib64/crtn.o] ==> obj [/usr/lib64/gcc/x86_64-suse-linux/12/../../../../lib64/crtn.o]
  collapse obj [/usr/lib64/gcc/x86_64-suse-linux/12/../../../../lib64/crt1.o] ==> [/usr/lib64/crt1.o]
  collapse obj [/usr/lib64/gcc/x86_64-suse-linux/12/../../../../lib64/crti.o] ==> [/usr/lib64/crti.o]
  collapse obj [/usr/lib64/gcc/x86_64-suse-linux/12/../../../../lib64/crtn.o] ==> [/usr/lib64/crtn.o]
  collapse library dir [/opt/cray/pe/mpich/8.1.28/ofi/gnu/12.3/lib] ==> [/opt/cray/pe/mpich/8.1.28/ofi/gnu/12.3/lib]
  collapse library dir [/opt/cray/pe/mpich/8.1.28/gtl/lib] ==> [/opt/cray/pe/mpich/8.1.28/gtl/lib]
  collapse library dir [/opt/cray/pe/libsci/23.12.5/GNU/12.3/x86_64/lib] ==> [/opt/cray/pe/libsci/23.12.5/GNU/12.3/x86_64/lib]
  collapse library dir [/opt/nvidia/hpc_sdk/Linux_x86_64/23.9/cuda/12.2/lib64/stubs] ==> [/opt/nvidia/hpc_sdk/Linux_x86_64/23.9/cuda/12.2/lib64/stubs]
  collapse library dir [/opt/nvidia/hpc_sdk/Linux_x86_64/23.9/cuda/12.2/lib64] ==> [/opt/nvidia/hpc_sdk/Linux_x86_64/23.9/cuda/12.2/lib64]
  collapse library dir [/opt/nvidia/hpc_sdk/Linux_x86_64/23.9/cuda/12.2/nvvm/lib64] ==> [/opt/nvidia/hpc_sdk/Linux_x86_64/23.9/cuda/12.2/nvvm/lib64]
  collapse library dir [/opt/nvidia/hpc_sdk/Linux_x86_64/23.9/cuda/12.2/extras/CUPTI/lib64] ==> [/opt/nvidia/hpc_sdk/Linux_x86_64/23.9/cuda/12.2/extras/CUPTI/lib64]
  collapse library dir [/opt/nvidia/hpc_sdk/Linux_x86_64/23.9/cuda/12.2/extras/Debugger/lib64] ==> [/opt/nvidia/hpc_sdk/Linux_x86_64/23.9/cuda/12.2/extras/Debugger/lib64]
  collapse library dir [/opt/nvidia/hpc_sdk/Linux_x86_64/23.9/math_libs/12.2/lib64] ==> [/opt/nvidia/hpc_sdk/Linux_x86_64/23.9/math_libs/12.2/lib64]
  collapse library dir [/opt/cray/pe/dsmml/0.2.2/dsmml//lib] ==> [/opt/cray/pe/dsmml/0.2.2/dsmml/lib]
  collapse library dir [/opt/cray/xpmem/2.6.2-2.5_2.38__gd067c3f.shasta/lib64] ==> [/opt/cray/xpmem/2.6.2-2.5_2.38__gd067c3f.shasta/lib64]
  collapse library dir [/usr/lib64/gcc/x86_64-suse-linux/12] ==> [/usr/lib64/gcc/x86_64-suse-linux/12]
  collapse library dir [/usr/lib64/gcc/x86_64-suse-linux/12/../../../../lib64] ==> [/usr/lib64]
  collapse library dir [/lib/../lib64] ==> [/lib64]
  collapse library dir [/usr/lib/../lib64] ==> [/usr/lib64]
  collapse library dir [/usr/lib64/gcc/x86_64-suse-linux/12/../../../../x86_64-suse-linux/lib] ==> [/usr/x86_64-suse-linux/lib]
  collapse library dir [/usr/lib64/gcc/x86_64-suse-linux/12/../../..] ==> [/usr/lib64]
  implicit libs: [cupti;cudart;cuda;mpifort_gnu_123;sci_gnu_123_mpi;mpi_gnu_123;mpi_gtl_cuda;sci_gnu_123;dl;dsmml;xpmem;gfortran;quadmath;pthread;gfortran;m;gcc_s;gcc;quadmath;m;gcc_s;gcc;c;gcc_s;gcc]
  implicit objs: [/usr/lib64/crt1.o;/usr/lib64/crti.o;/usr/lib64/gcc/x86_64-suse-linux/12/crtbegin.o;/usr/lib64/gcc/x86_64-suse-linux/12/crtend.o;/usr/lib64/crtn.o]
  implicit dirs: [/opt/cray/pe/mpich/8.1.28/ofi/gnu/12.3/lib;/opt/cray/pe/mpich/8.1.28/gtl/lib;/opt/cray/pe/libsci/23.12.5/GNU/12.3/x86_64/lib;/opt/nvidia/hpc_sdk/Linux_x86_64/23.9/cuda/12.2/lib64/stubs;/opt/nvidia/hpc_sdk/Linux_x86_64/23.9/cuda/12.2/lib64;/opt/nvidia/hpc_sdk/Linux_x86_64/23.9/cuda/12.2/nvvm/lib64;/opt/nvidia/hpc_sdk/Linux_x86_64/23.9/cuda/12.2/extras/CUPTI/lib64;/opt/nvidia/hpc_sdk/Linux_x86_64/23.9/cuda/12.2/extras/Debugger/lib64;/opt/nvidia/hpc_sdk/Linux_x86_64/23.9/math_libs/12.2/lib64;/opt/cray/pe/dsmml/0.2.2/dsmml/lib;/opt/cray/xpmem/2.6.2-2.5_2.38__gd067c3f.shasta/lib64;/usr/lib64/gcc/x86_64-suse-linux/12;/usr/lib64;/lib64;/usr/x86_64-suse-linux/lib]
  implicit fwks: []


Determining if the Fortran compiler supports Fortran 90 passed with the following output:
Change Dir: /global/cfs/projectdirs/m1613/huang/IMPACT-T/src/build/CMakeFiles/CMakeTmp

Run Build Command(s):/usr/bin/gmake -f Makefile cmTC_d9445/fast && /usr/bin/gmake  -f CMakeFiles/cmTC_d9445.dir/build.make CMakeFiles/cmTC_d9445.dir/build
gmake[1]: Entering directory '/global/cfs/cdirs/m1613/huang/IMPACT-T/src/build/CMakeFiles/CMakeTmp'
Building Fortran object CMakeFiles/cmTC_d9445.dir/testFortranCompilerF90.f90.o
/opt/cray/pe/craype/2.7.30/bin/ftn    -c /global/cfs/projectdirs/m1613/huang/IMPACT-T/src/build/CMakeFiles/CMakeTmp/testFortranCompilerF90.f90 -o CMakeFiles/cmTC_d9445.dir/testFortranCompilerF90.f90.o
Linking Fortran executable cmTC_d9445
/usr/bin/cmake -E cmake_link_script CMakeFiles/cmTC_d9445.dir/link.txt --verbose=1
/opt/cray/pe/craype/2.7.30/bin/ftn CMakeFiles/cmTC_d9445.dir/testFortranCompilerF90.f90.o -o cmTC_d9445 
gmake[1]: Leaving directory '/global/cfs/cdirs/m1613/huang/IMPACT-T/src/build/CMakeFiles/CMakeTmp'



Performing Fortran SOURCE FILE Test COMPILER_HAS_ALLOW_ARGUMENT_MISMATCH succeeded with the following output:
Change Dir: /global/cfs/projectdirs/m1613/huang/IMPACT-T/src/build/CMakeFiles/CMakeTmp

Run Build Command(s):/usr/bin/gmake -f Makefile cmTC_cb007/fast && /usr/bin/gmake  -f CMakeFiles/cmTC_cb007.dir/build.make CMakeFiles/cmTC_cb007.dir/build
gmake[1]: Entering directory '/global/cfs/cdirs/m1613/huang/IMPACT-T/src/build/CMakeFiles/CMakeTmp'
Building Fortran object CMakeFiles/cmTC_cb007.dir/src.F90.o
/opt/cray/pe/craype/2.7.30/bin/ftn -DCOMPILER_HAS_ALLOW_ARGUMENT_MISMATCH  -fallow-argument-mismatch -c /global/cfs/projectdirs/m1613/huang/IMPACT-T/src/build/CMakeFiles/CMakeTmp/src.F90 -o CMakeFiles/cmTC_cb007.dir/src.F90.o
Linking Fortran executable cmTC_cb007
/usr/bin/cmake -E cmake_link_script CMakeFiles/cmTC_cb007.dir/link.txt --verbose=1
/opt/cray/pe/craype/2.7.30/bin/ftn CMakeFiles/cmTC_cb007.dir/src.F90.o -o cmTC_cb007 
gmake[1]: Leaving directory '/global/cfs/cdirs/m1613/huang/IMPACT-T/src/build/CMakeFiles/CMakeTmp'


Source file was:
       program test
       stop
       end program
